    1C
    2C
 -1    1 0.86430E-07-0.16898E+02 0.55880E+02
 -1    2 0.86430E-07-0.15777E+02 0.56045E+02
 -1    3-0.30000E+01-0.15777E+02 0.56045E+02
 -1    4-0.30000E+01-0.16898E+02 0.55880E+02
 -1    5 0.86430E-07-0.16054E+02 0.57458E+02
 -1    6 0.86430E-07-0.15347E+02 0.57025E+02
 -1    7-0.30000E+01-0.15347E+02 0.57025E+02
 -1    8-0.30000E+01-0.16054E+02 0.57458E+02
 -1    9 0.86430E-07-0.16338E+02 0.55962E+02
 -1   10-0.15000E+01-0.15777E+02 0.56045E+02
 -1   11-0.30000E+01-0.16338E+02 0.55962E+02
 -1   12-0.15000E+01-0.16898E+02 0.55880E+02
 -1   13 0.86430E-07-0.16476E+02 0.56669E+02
 -1   14 0.86430E-07-0.15581E+02 0.56536E+02
 -1   15-0.30000E+01-0.15581E+02 0.56536E+02
 -1   16-0.30000E+01-0.16476E+02 0.56669E+02
 -1   17 0.86430E-07-0.15701E+02 0.57242E+02
 -1   18-0.15000E+01-0.15347E+02 0.57025E+02
 -1   19-0.30000E+01-0.15701E+02 0.57242E+02
 -1   20-0.15000E+01-0.16054E+02 0.57458E+02
 -1   21 0.86430E-07-0.14657E+02 0.56210E+02
 -1   22-0.30000E+01-0.14657E+02 0.56210E+02
 -1   23 0.86430E-07-0.14640E+02 0.56592E+02
 -1   24-0.30000E+01-0.14640E+02 0.56592E+02
 -1   25 0.86430E-07-0.15217E+02 0.56127E+02
 -1   26-0.15000E+01-0.14657E+02 0.56210E+02
 -1   27-0.30000E+01-0.15217E+02 0.56127E+02
 -1   28 0.86430E-07-0.14687E+02 0.56403E+02
 -1   29-0.30000E+01-0.14687E+02 0.56403E+02
 -1   30 0.86430E-07-0.14994E+02 0.56809E+02
 -1   31-0.15000E+01-0.14640E+02 0.56592E+02
 -1   32-0.30000E+01-0.14994E+02 0.56809E+02
 -1   33 0.86430E-07-0.15210E+02 0.59036E+02
 -1   34 0.86430E-07-0.14784E+02 0.57944E+02
 -1   35-0.30000E+01-0.14784E+02 0.57944E+02
 -1   36-0.30000E+01-0.15210E+02 0.59036E+02
 -1   37 0.86430E-07-0.15632E+02 0.58247E+02
 -1   38 0.86430E-07-0.15079E+02 0.57498E+02
 -1   39-0.30000E+01-0.15079E+02 0.57498E+02
 -1   40-0.30000E+01-0.15632E+02 0.58247E+02
 -1   41 0.86430E-07-0.14997E+02 0.58490E+02
 -1   42-0.15000E+01-0.14784E+02 0.57944E+02
 -1   43-0.30000E+01-0.14997E+02 0.58490E+02
 -1   44-0.15000E+01-0.15210E+02 0.59036E+02
 -1   45 0.86430E-07-0.14358E+02 0.56851E+02
 -1   46-0.30000E+01-0.14358E+02 0.56851E+02
 -1   47 0.86430E-07-0.14525E+02 0.56750E+02
 -1   48-0.30000E+01-0.14525E+02 0.56750E+02
 -1   49 0.86430E-07-0.14571E+02 0.57397E+02
 -1   50-0.15000E+01-0.14358E+02 0.56851E+02
 -1   51-0.30000E+01-0.14571E+02 0.57397E+02
 -1   52-0.60000E+01-0.15777E+02 0.56045E+02
 -1   53-0.60000E+01-0.16898E+02 0.55880E+02
 -1   54-0.60000E+01-0.15347E+02 0.57025E+02
 -1   55-0.60000E+01-0.16054E+02 0.57458E+02
 -1   56-0.45000E+01-0.15777E+02 0.56045E+02
 -1   57-0.60000E+01-0.16338E+02 0.55962E+02
 -1   58-0.45000E+01-0.16898E+02 0.55880E+02
 -1   59-0.60000E+01-0.15581E+02 0.56536E+02
 -1   60-0.60000E+01-0.16476E+02 0.56669E+02
 -1   61-0.45000E+01-0.15347E+02 0.57025E+02
 -1   62-0.60000E+01-0.15701E+02 0.57242E+02
 -1   63-0.45000E+01-0.16054E+02 0.57458E+02
 -1   64-0.60000E+01-0.14657E+02 0.56210E+02
 -1   65-0.60000E+01-0.14640E+02 0.56592E+02
 -1   66-0.45000E+01-0.14657E+02 0.56210E+02
 -1   67-0.60000E+01-0.15217E+02 0.56127E+02
 -1   68-0.60000E+01-0.14687E+02 0.56403E+02
 -1   69-0.45000E+01-0.14640E+02 0.56592E+02
 -1   70-0.60000E+01-0.14994E+02 0.56809E+02
 -1   71-0.60000E+01-0.14784E+02 0.57944E+02
 -1   72-0.60000E+01-0.15210E+02 0.59036E+02
 -1   73-0.60000E+01-0.15079E+02 0.57498E+02
 -1   74-0.60000E+01-0.15632E+02 0.58247E+02
 -1   75-0.45000E+01-0.14784E+02 0.57944E+02
 -1   76-0.60000E+01-0.14997E+02 0.58490E+02
 -1   77-0.45000E+01-0.15210E+02 0.59036E+02
 -1   78-0.60000E+01-0.14358E+02 0.56851E+02
 -1   79-0.60000E+01-0.14525E+02 0.56750E+02
 -1   80-0.45000E+01-0.14358E+02 0.56851E+02
 -1   81-0.60000E+01-0.14571E+02 0.57397E+02
 -1   82 0.86430E-07-0.13493E+02 0.57844E+02
 -1   83 0.86430E-07-0.13734E+02 0.57339E+02
 -1   84-0.30000E+01-0.13734E+02 0.57339E+02
 -1   85-0.30000E+01-0.13493E+02 0.57844E+02
 -1   86 0.86430E-07-0.14351E+02 0.58440E+02
 -1   87 0.86430E-07-0.14258E+02 0.57660E+02
 -1   88-0.30000E+01-0.14258E+02 0.57660E+02
 -1   89-0.30000E+01-0.14351E+02 0.58440E+02
 -1   90 0.86430E-07-0.13614E+02 0.57592E+02
 -1   91-0.15000E+01-0.13734E+02 0.57339E+02
 -1   92-0.30000E+01-0.13614E+02 0.57592E+02
 -1   93-0.15000E+01-0.13493E+02 0.57844E+02
 -1   94 0.86430E-07-0.13976E+02 0.56834E+02
 -1   95-0.30000E+01-0.13976E+02 0.56834E+02
 -1   96 0.86430E-07-0.14165E+02 0.56881E+02
 -1   97-0.30000E+01-0.14165E+02 0.56881E+02
 -1   98 0.86430E-07-0.13855E+02 0.57087E+02
 -1   99-0.15000E+01-0.13976E+02 0.56834E+02
 -1  100-0.30000E+01-0.13855E+02 0.57087E+02
 -1  101 0.86430E-07-0.11775E+02 0.56652E+02
 -1  102 0.86430E-07-0.12746E+02 0.56602E+02
 -1  103-0.30000E+01-0.12746E+02 0.56602E+02
 -1  104-0.30000E+01-0.11775E+02 0.56652E+02
 -1  105 0.86430E-07-0.12634E+02 0.57248E+02
 -1  106 0.86430E-07-0.13226E+02 0.56983E+02
 -1  107-0.30000E+01-0.13226E+02 0.56983E+02
 -1  108-0.30000E+01-0.12634E+02 0.57248E+02
 -1  109 0.86430E-07-0.12261E+02 0.56627E+02
 -1  110-0.15000E+01-0.12746E+02 0.56602E+02
 -1  111-0.30000E+01-0.12261E+02 0.56627E+02
 -1  112-0.15000E+01-0.11775E+02 0.56652E+02
 -1  113 0.86430E-07-0.13717E+02 0.56552E+02
 -1  114-0.30000E+01-0.13717E+02 0.56552E+02
 -1  115 0.86430E-07-0.13819E+02 0.56719E+02
 -1  116-0.30000E+01-0.13819E+02 0.56719E+02
 -1  117 0.86430E-07-0.13232E+02 0.56577E+02
 -1  118-0.15000E+01-0.13717E+02 0.56552E+02
 -1  119-0.30000E+01-0.13232E+02 0.56577E+02
 -1  120-0.60000E+01-0.13734E+02 0.57339E+02
 -1  121-0.60000E+01-0.13493E+02 0.57844E+02
 -1  122-0.60000E+01-0.14258E+02 0.57660E+02
 -1  123-0.60000E+01-0.14351E+02 0.58440E+02
 -1  124-0.45000E+01-0.13734E+02 0.57339E+02
 -1  125-0.60000E+01-0.13614E+02 0.57592E+02
 -1  126-0.45000E+01-0.13493E+02 0.57844E+02
 -1  127-0.60000E+01-0.13976E+02 0.56834E+02
 -1  128-0.60000E+01-0.14165E+02 0.56881E+02
 -1  129-0.45000E+01-0.13976E+02 0.56834E+02
 -1  130-0.60000E+01-0.13855E+02 0.57087E+02
 -1  131-0.60000E+01-0.12746E+02 0.56602E+02
 -1  132-0.60000E+01-0.11775E+02 0.56652E+02
 -1  133-0.60000E+01-0.13226E+02 0.56983E+02
 -1  134-0.60000E+01-0.12634E+02 0.57248E+02
 -1  135-0.45000E+01-0.12746E+02 0.56602E+02
 -1  136-0.60000E+01-0.12261E+02 0.56627E+02
 -1  137-0.45000E+01-0.11775E+02 0.56652E+02
 -1  138-0.60000E+01-0.13717E+02 0.56552E+02
 -1  139-0.60000E+01-0.13819E+02 0.56719E+02
 -1  140-0.45000E+01-0.13717E+02 0.56552E+02
 -1  141-0.60000E+01-0.13232E+02 0.56577E+02
 -1  142 0.86430E-07-0.12582E+02 0.55448E+02
 -1  143 0.86430E-07-0.13158E+02 0.55809E+02
 -1  144-0.30000E+01-0.13158E+02 0.55809E+02
 -1  145-0.30000E+01-0.12582E+02 0.55448E+02
 -1  146 0.86430E-07-0.12179E+02 0.56050E+02
 -1  147 0.86430E-07-0.12933E+02 0.56205E+02
 -1  148-0.30000E+01-0.12933E+02 0.56205E+02
 -1  149-0.30000E+01-0.12179E+02 0.56050E+02
 -1  150 0.86430E-07-0.12870E+02 0.55628E+02
 -1  151-0.15000E+01-0.13158E+02 0.55809E+02
 -1  152-0.30000E+01-0.12870E+02 0.55628E+02
 -1  153-0.15000E+01-0.12582E+02 0.55448E+02
 -1  154 0.86430E-07-0.13734E+02 0.56170E+02
 -1  155-0.30000E+01-0.13734E+02 0.56170E+02
 -1  156 0.86430E-07-0.13688E+02 0.56359E+02
 -1  157-0.30000E+01-0.13688E+02 0.56359E+02
 -1  158 0.86430E-07-0.13446E+02 0.55989E+02
 -1  159-0.15000E+01-0.13734E+02 0.56170E+02
 -1  160-0.30000E+01-0.13446E+02 0.55989E+02
 -1  161 0.86430E-07-0.13389E+02 0.54243E+02
 -1  162 0.86430E-07-0.13703E+02 0.55077E+02
 -1  163-0.30000E+01-0.13703E+02 0.55077E+02
 -1  164-0.30000E+01-0.13389E+02 0.54243E+02
 -1  165 0.86430E-07-0.12986E+02 0.54846E+02
 -1  166 0.86430E-07-0.13418E+02 0.55429E+02
 -1  167-0.30000E+01-0.13418E+02 0.55429E+02
 -1  168-0.30000E+01-0.12986E+02 0.54846E+02
 -1  169 0.86430E-07-0.13546E+02 0.54660E+02
 -1  170-0.15000E+01-0.13703E+02 0.55077E+02
 -1  171-0.30000E+01-0.13546E+02 0.54660E+02
 -1  172-0.15000E+01-0.13389E+02 0.54243E+02
 -1  173 0.86430E-07-0.14016E+02 0.55911E+02
 -1  174-0.30000E+01-0.14016E+02 0.55911E+02
 -1  175 0.86430E-07-0.13850E+02 0.56012E+02
 -1  176-0.30000E+01-0.13850E+02 0.56012E+02
 -1  177 0.86430E-07-0.13859E+02 0.55494E+02
 -1  178-0.15000E+01-0.14016E+02 0.55911E+02
 -1  179-0.30000E+01-0.13859E+02 0.55494E+02
 -1  180-0.60000E+01-0.13158E+02 0.55809E+02
 -1  181-0.60000E+01-0.12582E+02 0.55448E+02
 -1  182-0.60000E+01-0.12933E+02 0.56205E+02
 -1  183-0.60000E+01-0.12179E+02 0.56050E+02
 -1  184-0.45000E+01-0.13158E+02 0.55809E+02
 -1  185-0.60000E+01-0.12870E+02 0.55628E+02
 -1  186-0.45000E+01-0.12582E+02 0.55448E+02
 -1  187-0.60000E+01-0.13734E+02 0.56170E+02
 -1  188-0.60000E+01-0.13688E+02 0.56359E+02
 -1  189-0.45000E+01-0.13734E+02 0.56170E+02
 -1  190-0.60000E+01-0.13446E+02 0.55989E+02
 -1  191-0.60000E+01-0.13703E+02 0.55077E+02
 -1  192-0.60000E+01-0.13389E+02 0.54243E+02
 -1  193-0.60000E+01-0.13418E+02 0.55429E+02
 -1  194-0.60000E+01-0.12986E+02 0.54846E+02
 -1  195-0.45000E+01-0.13703E+02 0.55077E+02
 -1  196-0.60000E+01-0.13546E+02 0.54660E+02
 -1  197-0.45000E+01-0.13389E+02 0.54243E+02
 -1  198-0.60000E+01-0.14016E+02 0.55911E+02
 -1  199-0.60000E+01-0.13850E+02 0.56012E+02
 -1  200-0.45000E+01-0.14016E+02 0.55911E+02
 -1  201-0.60000E+01-0.13859E+02 0.55494E+02
 -1  202 0.86430E-07-0.15143E+02 0.55062E+02
 -1  203 0.86430E-07-0.14771E+02 0.55495E+02
 -1  204-0.30000E+01-0.14771E+02 0.55495E+02
 -1  205-0.30000E+01-0.15143E+02 0.55062E+02
 -1  206 0.86430E-07-0.14266E+02 0.54652E+02
 -1  207 0.86430E-07-0.14238E+02 0.55267E+02
 -1  208-0.30000E+01-0.14238E+02 0.55267E+02
 -1  209-0.30000E+01-0.14266E+02 0.54652E+02
 -1  210 0.86430E-07-0.14957E+02 0.55278E+02
 -1  211-0.15000E+01-0.14771E+02 0.55495E+02
 -1  212-0.30000E+01-0.14957E+02 0.55278E+02
 -1  213-0.15000E+01-0.15143E+02 0.55062E+02
 -1  214 0.86430E-07-0.14399E+02 0.55928E+02
 -1  215-0.30000E+01-0.14399E+02 0.55928E+02
 -1  216 0.86430E-07-0.14209E+02 0.55882E+02
 -1  217-0.30000E+01-0.14209E+02 0.55882E+02
 -1  218 0.86430E-07-0.14585E+02 0.55711E+02
 -1  219-0.15000E+01-0.14399E+02 0.55928E+02
 -1  220-0.30000E+01-0.14585E+02 0.55711E+02
 -1  221 0.86430E-07-0.16021E+02 0.55471E+02
 -1  222 0.86430E-07-0.15288E+02 0.55757E+02
 -1  223-0.30000E+01-0.15288E+02 0.55757E+02
 -1  224-0.30000E+01-0.16021E+02 0.55471E+02
 -1  225 0.86430E-07-0.14556E+02 0.56043E+02
 -1  226-0.30000E+01-0.14556E+02 0.56043E+02
 -1  227-0.60000E+01-0.14771E+02 0.55495E+02
 -1  228-0.60000E+01-0.15143E+02 0.55062E+02
 -1  229-0.60000E+01-0.14238E+02 0.55267E+02
 -1  230-0.60000E+01-0.14266E+02 0.54652E+02
 -1  231-0.45000E+01-0.14771E+02 0.55495E+02
 -1  232-0.60000E+01-0.14957E+02 0.55278E+02
 -1  233-0.45000E+01-0.15143E+02 0.55062E+02
 -1  234-0.60000E+01-0.14399E+02 0.55928E+02
 -1  235-0.60000E+01-0.14209E+02 0.55882E+02
 -1  236-0.45000E+01-0.14399E+02 0.55928E+02
 -1  237-0.60000E+01-0.14585E+02 0.55711E+02
 -1  238-0.60000E+01-0.15288E+02 0.55757E+02
 -1  239-0.60000E+01-0.16021E+02 0.55471E+02
 -1  240-0.60000E+01-0.14556E+02 0.56043E+02
 -1  241 0.86430E-07-0.10711E+02 0.52995E+02
 -1  242-0.30000E+01-0.10711E+02 0.52995E+02
 -1  243 0.86430E-07-0.10049E+02 0.53995E+02
 -1  244-0.30000E+01-0.10049E+02 0.53995E+02
 -1  245 0.86430E-07-0.12050E+02 0.53619E+02
 -1  246-0.15000E+01-0.10711E+02 0.52995E+02
 -1  247-0.30000E+01-0.12050E+02 0.53619E+02
 -1  248 0.86430E-07-0.10380E+02 0.53495E+02
 -1  249-0.30000E+01-0.10380E+02 0.53495E+02
 -1  250 0.86430E-07-0.11315E+02 0.54721E+02
 -1  251-0.15000E+01-0.10049E+02 0.53995E+02
 -1  252-0.30000E+01-0.11315E+02 0.54721E+02
 -1  253 0.86430E-07-0.80334E+01 0.51746E+02
 -1  254-0.30000E+01-0.80334E+01 0.51746E+02
 -1  255 0.86430E-07-0.75154E+01 0.52541E+02
 -1  256-0.30000E+01-0.75154E+01 0.52541E+02
 -1  257 0.86430E-07-0.93723E+01 0.52370E+02
 -1  258-0.15000E+01-0.80334E+01 0.51746E+02
 -1  259-0.30000E+01-0.93723E+01 0.52370E+02
 -1  260 0.86430E-07-0.77744E+01 0.52144E+02
 -1  261-0.30000E+01-0.77744E+01 0.52144E+02
 -1  262 0.86430E-07-0.87821E+01 0.53268E+02
 -1  263-0.15000E+01-0.75154E+01 0.52541E+02
 -1  264-0.30000E+01-0.87821E+01 0.53268E+02
 -1  265 0.86430E-07-0.53556E+01 0.50497E+02
 -1  266-0.30000E+01-0.53556E+01 0.50497E+02
 -1  267 0.86430E-07-0.49821E+01 0.51088E+02
 -1  268-0.30000E+01-0.49821E+01 0.51088E+02
 -1  269 0.86430E-07-0.66945E+01 0.51122E+02
 -1  270-0.15000E+01-0.53556E+01 0.50497E+02
 -1  271-0.30000E+01-0.66945E+01 0.51122E+02
 -1  272 0.86430E-07-0.51688E+01 0.50793E+02
 -1  273-0.30000E+01-0.51688E+01 0.50793E+02
 -1  274 0.86430E-07-0.62488E+01 0.51815E+02
 -1  275-0.15000E+01-0.49821E+01 0.51088E+02
 -1  276-0.30000E+01-0.62488E+01 0.51815E+02
 -1  277 0.86430E-07-0.26778E+01 0.49249E+02
 -1  278-0.30000E+01-0.26778E+01 0.49249E+02
 -1  279 0.86430E-07-0.24488E+01 0.49635E+02
 -1  280-0.30000E+01-0.24488E+01 0.49635E+02
 -1  281 0.86430E-07-0.40167E+01 0.49873E+02
 -1  282-0.15000E+01-0.26778E+01 0.49249E+02
 -1  283-0.30000E+01-0.40167E+01 0.49873E+02
 -1  284 0.86430E-07-0.25633E+01 0.49442E+02
 -1  285-0.30000E+01-0.25633E+01 0.49442E+02
 -1  286 0.86430E-07-0.37155E+01 0.50361E+02
 -1  287-0.15000E+01-0.24488E+01 0.49635E+02
 -1  288-0.30000E+01-0.37155E+01 0.50361E+02
 -1  289 0.86430E-07 0.44225E-06 0.48000E+02
 -1  290-0.30000E+01 0.44225E-06 0.48000E+02
 -1  291 0.86430E-07 0.84526E-01 0.48181E+02
 -1  292-0.30000E+01 0.84526E-01 0.48181E+02
 -1  293 0.86430E-07-0.13389E+01 0.48624E+02
 -1  294-0.15000E+01 0.44225E-06 0.48000E+02
 -1  295-0.30000E+01-0.13389E+01 0.48624E+02
 -1  296 0.86430E-07 0.42263E-01 0.48091E+02
 -1  297-0.30000E+01 0.42263E-01 0.48091E+02
 -1  298 0.86430E-07-0.11821E+01 0.48908E+02
 -1  299-0.15000E+01 0.84526E-01 0.48181E+02
 -1  300-0.30000E+01-0.11821E+01 0.48908E+02
 -1  301 0.86430E-07-0.93863E+01 0.54994E+02
 -1  302-0.30000E+01-0.93863E+01 0.54994E+02
 -1  303 0.86430E-07-0.97175E+01 0.54494E+02
 -1  304-0.30000E+01-0.97175E+01 0.54494E+02
 -1  305 0.86430E-07-0.10581E+02 0.55823E+02
 -1  306-0.15000E+01-0.93863E+01 0.54994E+02
 -1  307-0.30000E+01-0.10581E+02 0.55823E+02
 -1  308 0.86430E-07-0.69974E+01 0.53336E+02
 -1  309-0.30000E+01-0.69974E+01 0.53336E+02
 -1  310 0.86430E-07-0.72564E+01 0.52939E+02
 -1  311-0.30000E+01-0.72564E+01 0.52939E+02
 -1  312 0.86430E-07-0.81919E+01 0.54165E+02
 -1  313-0.15000E+01-0.69974E+01 0.53336E+02
 -1  314-0.30000E+01-0.81919E+01 0.54165E+02
 -1  315 0.86430E-07-0.46086E+01 0.51678E+02
 -1  316-0.30000E+01-0.46086E+01 0.51678E+02
 -1  317 0.86430E-07-0.47954E+01 0.51383E+02
 -1  318-0.30000E+01-0.47954E+01 0.51383E+02
 -1  319 0.86430E-07-0.58030E+01 0.52507E+02
 -1  320-0.15000E+01-0.46086E+01 0.51678E+02
 -1  321-0.30000E+01-0.58030E+01 0.52507E+02
 -1  322 0.86430E-07-0.22198E+01 0.50020E+02
 -1  323-0.30000E+01-0.22198E+01 0.50020E+02
 -1  324 0.86430E-07-0.23343E+01 0.49828E+02
 -1  325-0.30000E+01-0.23343E+01 0.49828E+02
 -1  326 0.86430E-07-0.34142E+01 0.50849E+02
 -1  327-0.15000E+01-0.22198E+01 0.50020E+02
 -1  328-0.30000E+01-0.34142E+01 0.50849E+02
 -1  329 0.86430E-07 0.16905E+00 0.48362E+02
 -1  330-0.30000E+01 0.16905E+00 0.48362E+02
 -1  331 0.86430E-07 0.12679E+00 0.48272E+02
 -1  332-0.30000E+01 0.12679E+00 0.48272E+02
 -1  333 0.86430E-07-0.10254E+01 0.49191E+02
 -1  334-0.15000E+01 0.16905E+00 0.48362E+02
 -1  335-0.30000E+01-0.10254E+01 0.49191E+02
 -1  336-0.60000E+01-0.10711E+02 0.52995E+02
 -1  337-0.60000E+01-0.10049E+02 0.53995E+02
 -1  338-0.45000E+01-0.10711E+02 0.52995E+02
 -1  339-0.60000E+01-0.12050E+02 0.53619E+02
 -1  340-0.60000E+01-0.10380E+02 0.53495E+02
 -1  341-0.45000E+01-0.10049E+02 0.53995E+02
 -1  342-0.60000E+01-0.11315E+02 0.54721E+02
 -1  343-0.60000E+01-0.80334E+01 0.51746E+02
 -1  344-0.60000E+01-0.75154E+01 0.52541E+02
 -1  345-0.45000E+01-0.80334E+01 0.51746E+02
 -1  346-0.60000E+01-0.93723E+01 0.52370E+02
 -1  347-0.60000E+01-0.77744E+01 0.52144E+02
 -1  348-0.45000E+01-0.75154E+01 0.52541E+02
 -1  349-0.60000E+01-0.87821E+01 0.53268E+02
 -1  350-0.60000E+01-0.53556E+01 0.50497E+02
 -1  351-0.60000E+01-0.49821E+01 0.51088E+02
 -1  352-0.45000E+01-0.53556E+01 0.50497E+02
 -1  353-0.60000E+01-0.66945E+01 0.51122E+02
 -1  354-0.60000E+01-0.51688E+01 0.50793E+02
 -1  355-0.45000E+01-0.49821E+01 0.51088E+02
 -1  356-0.60000E+01-0.62488E+01 0.51815E+02
 -1  357-0.60000E+01-0.26778E+01 0.49249E+02
 -1  358-0.60000E+01-0.24488E+01 0.49635E+02
 -1  359-0.45000E+01-0.26778E+01 0.49249E+02
 -1  360-0.60000E+01-0.40167E+01 0.49873E+02
 -1  361-0.60000E+01-0.25633E+01 0.49442E+02
 -1  362-0.45000E+01-0.24488E+01 0.49635E+02
 -1  363-0.60000E+01-0.37155E+01 0.50361E+02
 -1  364-0.60000E+01 0.44225E-06 0.48000E+02
 -1  365-0.60000E+01 0.84526E-01 0.48181E+02
 -1  366-0.45000E+01 0.44225E-06 0.48000E+02
 -1  367-0.60000E+01-0.13389E+01 0.48624E+02
 -1  368-0.60000E+01 0.42263E-01 0.48091E+02
 -1  369-0.45000E+01 0.84526E-01 0.48181E+02
 -1  370-0.60000E+01-0.11821E+01 0.48908E+02
 -1  371-0.60000E+01-0.93863E+01 0.54994E+02
 -1  372-0.60000E+01-0.97175E+01 0.54494E+02
 -1  373-0.45000E+01-0.93863E+01 0.54994E+02
 -1  374-0.60000E+01-0.10581E+02 0.55823E+02
 -1  375-0.60000E+01-0.69974E+01 0.53336E+02
 -1  376-0.60000E+01-0.72564E+01 0.52939E+02
 -1  377-0.45000E+01-0.69974E+01 0.53336E+02
 -1  378-0.60000E+01-0.81919E+01 0.54165E+02
 -1  379-0.60000E+01-0.46086E+01 0.51678E+02
 -1  380-0.60000E+01-0.47954E+01 0.51383E+02
 -1  381-0.45000E+01-0.46086E+01 0.51678E+02
 -1  382-0.60000E+01-0.58030E+01 0.52507E+02
 -1  383-0.60000E+01-0.22198E+01 0.50020E+02
 -1  384-0.60000E+01-0.23343E+01 0.49828E+02
 -1  385-0.45000E+01-0.22198E+01 0.50020E+02
 -1  386-0.60000E+01-0.34142E+01 0.50849E+02
 -1  387-0.60000E+01 0.16905E+00 0.48362E+02
 -1  388-0.60000E+01 0.12679E+00 0.48272E+02
 -1  389-0.45000E+01 0.16905E+00 0.48362E+02
 -1  390-0.60000E+01-0.10254E+01 0.49191E+02
 -1  391 0.86430E-07-0.18336E+02 0.61206E+02
 -1  392-0.30000E+01-0.18336E+02 0.61206E+02
 -1  393 0.86430E-07-0.20020E+02 0.59663E+02
 -1  394-0.30000E+01-0.20020E+02 0.59663E+02
 -1  395 0.86430E-07-0.16773E+02 0.60121E+02
 -1  396-0.15000E+01-0.18336E+02 0.61206E+02
 -1  397-0.30000E+01-0.16773E+02 0.60121E+02
 -1  398 0.86430E-07-0.19178E+02 0.60435E+02
 -1  399-0.30000E+01-0.19178E+02 0.60435E+02
 -1  400 0.86430E-07-0.18037E+02 0.58561E+02
 -1  401-0.15000E+01-0.20020E+02 0.59663E+02
 -1  402-0.30000E+01-0.18037E+02 0.58561E+02
 -1  403 0.86430E-07-0.21462E+02 0.63375E+02
 -1  404-0.30000E+01-0.21462E+02 0.63375E+02
 -1  405 0.86430E-07-0.23987E+02 0.61869E+02
 -1  406-0.30000E+01-0.23987E+02 0.61869E+02
 -1  407 0.86430E-07-0.19899E+02 0.62291E+02
 -1  408-0.15000E+01-0.21462E+02 0.63375E+02
 -1  409-0.30000E+01-0.19899E+02 0.62291E+02
 -1  410 0.86430E-07-0.22725E+02 0.62622E+02
 -1  411-0.30000E+01-0.22725E+02 0.62622E+02
 -1  412 0.86430E-07-0.22003E+02 0.60766E+02
 -1  413-0.15000E+01-0.23987E+02 0.61869E+02
 -1  414-0.30000E+01-0.22003E+02 0.60766E+02
 -1  415 0.86430E-07-0.24589E+02 0.65545E+02
 -1  416-0.30000E+01-0.24589E+02 0.65545E+02
 -1  417 0.86430E-07-0.27953E+02 0.64074E+02
 -1  418-0.30000E+01-0.27953E+02 0.64074E+02
 -1  419 0.86430E-07-0.23026E+02 0.64460E+02
 -1  420-0.15000E+01-0.24589E+02 0.65545E+02
 -1  421-0.30000E+01-0.23026E+02 0.64460E+02
 -1  422 0.86430E-07-0.26271E+02 0.64810E+02
 -1  423-0.30000E+01-0.26271E+02 0.64810E+02
 -1  424 0.86430E-07-0.25970E+02 0.62972E+02
 -1  425-0.15000E+01-0.27953E+02 0.64074E+02
 -1  426-0.30000E+01-0.25970E+02 0.62972E+02
 -1  427 0.86430E-07-0.27715E+02 0.67715E+02
 -1  428-0.30000E+01-0.27715E+02 0.67715E+02
 -1  429 0.86430E-07-0.31919E+02 0.66280E+02
 -1  430-0.30000E+01-0.31919E+02 0.66280E+02
 -1  431 0.86430E-07-0.26152E+02 0.66630E+02
 -1  432-0.15000E+01-0.27715E+02 0.67715E+02
 -1  433-0.30000E+01-0.26152E+02 0.66630E+02
 -1  434 0.86430E-07-0.29817E+02 0.66997E+02
 -1  435-0.30000E+01-0.29817E+02 0.66997E+02
 -1  436 0.86430E-07-0.29936E+02 0.65177E+02
 -1  437-0.15000E+01-0.31919E+02 0.66280E+02
 -1  438-0.30000E+01-0.29936E+02 0.65177E+02
 -1  439 0.86430E-07-0.30841E+02 0.69884E+02
 -1  440-0.30000E+01-0.30841E+02 0.69884E+02
 -1  441 0.86430E-07-0.35886E+02 0.68485E+02
 -1  442-0.30000E+01-0.35886E+02 0.68485E+02
 -1  443 0.86430E-07-0.29278E+02 0.68799E+02
 -1  444-0.15000E+01-0.30841E+02 0.69884E+02
 -1  445-0.30000E+01-0.29278E+02 0.68799E+02
 -1  446 0.86430E-07-0.33363E+02 0.69185E+02
 -1  447-0.30000E+01-0.33363E+02 0.69185E+02
 -1  448 0.86430E-07-0.33903E+02 0.67382E+02
 -1  449-0.15000E+01-0.35886E+02 0.68485E+02
 -1  450-0.30000E+01-0.33903E+02 0.67382E+02
 -1  451 0.86430E-07-0.21704E+02 0.58121E+02
 -1  452-0.30000E+01-0.21704E+02 0.58121E+02
 -1  453 0.86430E-07-0.20862E+02 0.58892E+02
 -1  454-0.30000E+01-0.20862E+02 0.58892E+02
 -1  455 0.86430E-07-0.19301E+02 0.57000E+02
 -1  456-0.15000E+01-0.21704E+02 0.58121E+02
 -1  457-0.30000E+01-0.19301E+02 0.57000E+02
 -1  458 0.86430E-07-0.26511E+02 0.60362E+02
 -1  459-0.30000E+01-0.26511E+02 0.60362E+02
 -1  460 0.86430E-07-0.25249E+02 0.61115E+02
 -1  461-0.30000E+01-0.25249E+02 0.61115E+02
 -1  462 0.86430E-07-0.24108E+02 0.59242E+02
 -1  463-0.15000E+01-0.26511E+02 0.60362E+02
 -1  464-0.30000E+01-0.24108E+02 0.59242E+02
 -1  465 0.86430E-07-0.31317E+02 0.62604E+02
 -1  466-0.30000E+01-0.31317E+02 0.62604E+02
 -1  467 0.86430E-07-0.29635E+02 0.63339E+02
 -1  468-0.30000E+01-0.29635E+02 0.63339E+02
 -1  469 0.86430E-07-0.28914E+02 0.61483E+02
 -1  470-0.15000E+01-0.31317E+02 0.62604E+02
 -1  471-0.30000E+01-0.28914E+02 0.61483E+02
 -1  472 0.86430E-07-0.36124E+02 0.64845E+02
 -1  473-0.30000E+01-0.36124E+02 0.64845E+02
 -1  474 0.86430E-07-0.34022E+02 0.65562E+02
 -1  475-0.30000E+01-0.34022E+02 0.65562E+02
 -1  476 0.86430E-07-0.33721E+02 0.63724E+02
 -1  477-0.15000E+01-0.36124E+02 0.64845E+02
 -1  478-0.30000E+01-0.33721E+02 0.63724E+02
 -1  479 0.86430E-07-0.40931E+02 0.67086E+02
 -1  480-0.30000E+01-0.40931E+02 0.67086E+02
 -1  481 0.86430E-07-0.38408E+02 0.67786E+02
 -1  482-0.30000E+01-0.38408E+02 0.67786E+02
 -1  483 0.86430E-07-0.38527E+02 0.65966E+02
 -1  484-0.15000E+01-0.40931E+02 0.67086E+02
 -1  485-0.30000E+01-0.38527E+02 0.65966E+02
 -1  486-0.60000E+01-0.18336E+02 0.61206E+02
 -1  487-0.60000E+01-0.20020E+02 0.59663E+02
 -1  488-0.45000E+01-0.18336E+02 0.61206E+02
 -1  489-0.60000E+01-0.16773E+02 0.60121E+02
 -1  490-0.60000E+01-0.19178E+02 0.60435E+02
 -1  491-0.45000E+01-0.20020E+02 0.59663E+02
 -1  492-0.60000E+01-0.18037E+02 0.58561E+02
 -1  493-0.60000E+01-0.21462E+02 0.63375E+02
 -1  494-0.60000E+01-0.23987E+02 0.61869E+02
 -1  495-0.45000E+01-0.21462E+02 0.63375E+02
 -1  496-0.60000E+01-0.19899E+02 0.62291E+02
 -1  497-0.60000E+01-0.22725E+02 0.62622E+02
 -1  498-0.45000E+01-0.23987E+02 0.61869E+02
 -1  499-0.60000E+01-0.22003E+02 0.60766E+02
 -1  500-0.60000E+01-0.24589E+02 0.65545E+02
 -1  501-0.60000E+01-0.27953E+02 0.64074E+02
 -1  502-0.45000E+01-0.24589E+02 0.65545E+02
 -1  503-0.60000E+01-0.23026E+02 0.64460E+02
 -1  504-0.60000E+01-0.26271E+02 0.64810E+02
 -1  505-0.45000E+01-0.27953E+02 0.64074E+02
 -1  506-0.60000E+01-0.25970E+02 0.62972E+02
 -1  507-0.60000E+01-0.27715E+02 0.67715E+02
 -1  508-0.60000E+01-0.31919E+02 0.66280E+02
 -1  509-0.45000E+01-0.27715E+02 0.67715E+02
 -1  510-0.60000E+01-0.26152E+02 0.66630E+02
 -1  511-0.60000E+01-0.29817E+02 0.66997E+02
 -1  512-0.45000E+01-0.31919E+02 0.66280E+02
 -1  513-0.60000E+01-0.29936E+02 0.65177E+02
 -1  514-0.60000E+01-0.30841E+02 0.69884E+02
 -1  515-0.60000E+01-0.35886E+02 0.68485E+02
 -1  516-0.45000E+01-0.30841E+02 0.69884E+02
 -1  517-0.60000E+01-0.29278E+02 0.68799E+02
 -1  518-0.60000E+01-0.33363E+02 0.69185E+02
 -1  519-0.45000E+01-0.35886E+02 0.68485E+02
 -1  520-0.60000E+01-0.33903E+02 0.67382E+02
 -1  521-0.60000E+01-0.21704E+02 0.58121E+02
 -1  522-0.60000E+01-0.20862E+02 0.58892E+02
 -1  523-0.45000E+01-0.21704E+02 0.58121E+02
 -1  524-0.60000E+01-0.19301E+02 0.57000E+02
 -1  525-0.60000E+01-0.26511E+02 0.60362E+02
 -1  526-0.60000E+01-0.25249E+02 0.61115E+02
 -1  527-0.45000E+01-0.26511E+02 0.60362E+02
 -1  528-0.60000E+01-0.24108E+02 0.59242E+02
 -1  529-0.60000E+01-0.31317E+02 0.62604E+02
 -1  530-0.60000E+01-0.29635E+02 0.63339E+02
 -1  531-0.45000E+01-0.31317E+02 0.62604E+02
 -1  532-0.60000E+01-0.28914E+02 0.61483E+02
 -1  533-0.60000E+01-0.36124E+02 0.64845E+02
 -1  534-0.60000E+01-0.34022E+02 0.65562E+02
 -1  535-0.45000E+01-0.36124E+02 0.64845E+02
 -1  536-0.60000E+01-0.33721E+02 0.63724E+02
 -1  537-0.60000E+01-0.40931E+02 0.67086E+02
 -1  538-0.60000E+01-0.38408E+02 0.67786E+02
 -1  539-0.45000E+01-0.40931E+02 0.67086E+02
 -1  540-0.60000E+01-0.38527E+02 0.65966E+02
 -3
    3C
 -1    1    4    0    0
 -2    1    2    3    4    5    6    7    8    9   10   11   12   13   14   15
 -2   16   17   18   19   20
 -1    2    4    0    0
 -2    2   21   22    3    6   23   24    7   25   26   27   10   14   28   29
 -2   15   30   31   32   18
 -1    3    4    0    0
 -2    5    6    7    8   33   34   35   36   17   18   19   20   37   38   39
 -2   40   41   42   43   44
 -1    4    4    0    0
 -2    6   23   24    7   34   45   46   35   30   31   32   18   38   47   48
 -2   39   49   50   51   42
 -1    5    4    0    0
 -2    4    3   52   53    8    7   54   55   11   56   57   58   16   15   59
 -2   60   19   61   62   63
 -1    6    4    0    0
 -2    3   22   64   52    7   24   65   54   27   66   67   56   15   29   68
 -2   59   32   69   70   61
 -1    7    4    0    0
 -2    8    7   54   55   36   35   71   72   19   61   62   63   40   39   73
 -2   74   43   75   76   77
 -1    8    4    0    0
 -2    7   24   65   54   35   46   78   71   32   69   70   61   39   48   79
 -2   73   51   80   81   75
 -1    9    4    0    0
 -2   33   34   35   36   82   83   84   85   41   42   43   44   86   87   88
 -2   89   90   91   92   93
 -1   10    4    0    0
 -2   34   45   46   35   83   94   95   84   49   50   51   42   87   96   97
 -2   88   98   99  100   91
 -1   11    4    0    0
 -2   82   83   84   85  101  102  103  104   90   91   92   93  105  106  107
 -2  108  109  110  111  112
 -1   12    4    0    0
 -2   83   94   95   84  102  113  114  103   98   99  100   91  106  115  116
 -2  107  117  118  119  110
 -1   13    4    0    0
 -2   36   35   71   72   85   84  120  121   43   75   76   77   89   88  122
 -2  123   92  124  125  126
 -1   14    4    0    0
 -2   35   46   78   71   84   95  127  120   51   80   81   75   88   97  128
 -2  122  100  129  130  124
 -1   15    4    0    0
 -2   85   84  120  121  104  103  131  132   92  124  125  126  108  107  133
 -2  134  111  135  136  137
 -1   16    4    0    0
 -2   84   95  127  120  103  114  138  131  100  129  130  124  107  116  139
 -2  133  119  140  141  135
 -1   17    4    0    0
 -2  101  102  103  104  142  143  144  145  109  110  111  112  146  147  148
 -2  149  150  151  152  153
 -1   18    4    0    0
 -2  102  113  114  103  143  154  155  144  117  118  119  110  147  156  157
 -2  148  158  159  160  151
 -1   19    4    0    0
 -2  142  143  144  145  161  162  163  164  150  151  152  153  165  166  167
 -2  168  169  170  171  172
 -1   20    4    0    0
 -2  143  154  155  144  162  173  174  163  158  159  160  151  166  175  176
 -2  167  177  178  179  170
 -1   21    4    0    0
 -2  104  103  131  132  145  144  180  181  111  135  136  137  149  148  182
 -2  183  152  184  185  186
 -1   22    4    0    0
 -2  103  114  138  131  144  155  187  180  119  140  141  135  148  157  188
 -2  182  160  189  190  184
 -1   23    4    0    0
 -2  145  144  180  181  164  163  191  192  152  184  185  186  168  167  193
 -2  194  171  195  196  197
 -1   24    4    0    0
 -2  144  155  187  180  163  174  198  191  160  189  190  184  167  176  199
 -2  193  179  200  201  195
 -1   25    4    0    0
 -2  161  162  163  164  202  203  204  205  169  170  171  172  206  207  208
 -2  209  210  211  212  213
 -1   26    4    0    0
 -2  162  173  174  163  203  214  215  204  177  178  179  170  207  216  217
 -2  208  218  219  220  211
 -1   27    4    0    0
 -2  202  203  204  205    1    2    3    4  210  211  212  213  221  222  223
 -2  224    9   10   11   12
 -1   28    4    0    0
 -2  203  214  215  204    2   21   22    3  218  219  220  211  222  225  226
 -2  223   25   26   27   10
 -1   29    4    0    0
 -2  164  163  191  192  205  204  227  228  171  195  196  197  209  208  229
 -2  230  212  231  232  233
 -1   30    4    0    0
 -2  163  174  198  191  204  215  234  227  179  200  201  195  208  217  235
 -2  229  220  236  237  231
 -1   31    4    0    0
 -2  205  204  227  228    4    3   52   53  212  231  232  233  224  223  238
 -2  239   11   56   57   58
 -1   32    4    0    0
 -2  204  215  234  227    3   22   64   52  220  236  237  231  223  226  240
 -2  238   27   66   67   56
 -1   33    4    0    0
 -2  161  241  242  164  142  243  244  145  245  246  247  172  165  248  249
 -2  168  250  251  252  153
 -1   34    4    0    0
 -2  241  253  254  242  243  255  256  244  257  258  259  246  248  260  261
 -2  249  262  263  264  251
 -1   35    4    0    0
 -2  253  265  266  254  255  267  268  256  269  270  271  258  260  272  273
 -2  261  274  275  276  263
 -1   36    4    0    0
 -2  265  277  278  266  267  279  280  268  281  282  283  270  272  284  285
 -2  273  286  287  288  275
 -1   37    4    0    0
 -2  277  289  290  278  279  291  292  280  293  294  295  282  284  296  297
 -2  285  298  299  300  287
 -1   38    4    0    0
 -2  142  243  244  145  101  301  302  104  250  251  252  153  146  303  304
 -2  149  305  306  307  112
 -1   39    4    0    0
 -2  243  255  256  244  301  308  309  302  262  263  264  251  303  310  311
 -2  304  312  313  314  306
 -1   40    4    0    0
 -2  255  267  268  256  308  315  316  309  274  275  276  263  310  317  318
 -2  311  319  320  321  313
 -1   41    4    0    0
 -2  267  279  280  268  315  322  323  316  286  287  288  275  317  324  325
 -2  318  326  327  328  320
 -1   42    4    0    0
 -2  279  291  292  280  322  329  330  323  298  299  300  287  324  331  332
 -2  325  333  334  335  327
 -1   43    4    0    0
 -2  164  242  336  192  145  244  337  181  247  338  339  197  168  249  340
 -2  194  252  341  342  186
 -1   44    4    0    0
 -2  242  254  343  336  244  256  344  337  259  345  346  338  249  261  347
 -2  340  264  348  349  341
 -1   45    4    0    0
 -2  254  266  350  343  256  268  351  344  271  352  353  345  261  273  354
 -2  347  276  355  356  348
 -1   46    4    0    0
 -2  266  278  357  350  268  280  358  351  283  359  360  352  273  285  361
 -2  354  288  362  363  355
 -1   47    4    0    0
 -2  278  290  364  357  280  292  365  358  295  366  367  359  285  297  368
 -2  361  300  369  370  362
 -1   48    4    0    0
 -2  145  244  337  181  104  302  371  132  252  341  342  186  149  304  372
 -2  183  307  373  374  137
 -1   49    4    0    0
 -2  244  256  344  337  302  309  375  371  264  348  349  341  304  311  376
 -2  372  314  377  378  373
 -1   50    4    0    0
 -2  256  268  351  344  309  316  379  375  276  355  356  348  311  318  380
 -2  376  321  381  382  377
 -1   51    4    0    0
 -2  268  280  358  351  316  323  383  379  288  362  363  355  318  325  384
 -2  380  328  385  386  381
 -1   52    4    0    0
 -2  280  292  365  358  323  330  387  383  300  369  370  362  325  332  388
 -2  384  335  389  390  385
 -1   53    4    0    0
 -2   33  391  392   36    5  393  394    8  395  396  397   44   37  398  399
 -2   40  400  401  402   20
 -1   54    4    0    0
 -2  391  403  404  392  393  405  406  394  407  408  409  396  398  410  411
 -2  399  412  413  414  401
 -1   55    4    0    0
 -2  403  415  416  404  405  417  418  406  419  420  421  408  410  422  423
 -2  411  424  425  426  413
 -1   56    4    0    0
 -2  415  427  428  416  417  429  430  418  431  432  433  420  422  434  435
 -2  423  436  437  438  425
 -1   57    4    0    0
 -2  427  439  440  428  429  441  442  430  443  444  445  432  434  446  447
 -2  435  448  449  450  437
 -1   58    4    0    0
 -2    5  393  394    8    1  451  452    4  400  401  402   20   13  453  454
 -2   16  455  456  457   12
 -1   59    4    0    0
 -2  393  405  406  394  451  458  459  452  412  413  414  401  453  460  461
 -2  454  462  463  464  456
 -1   60    4    0    0
 -2  405  417  418  406  458  465  466  459  424  425  426  413  460  467  468
 -2  461  469  470  471  463
 -1   61    4    0    0
 -2  417  429  430  418  465  472  473  466  436  437  438  425  467  474  475
 -2  468  476  477  478  470
 -1   62    4    0    0
 -2  429  441  442  430  472  479  480  473  448  449  450  437  474  481  482
 -2  475  483  484  485  477
 -1   63    4    0    0
 -2   36  392  486   72    8  394  487   55  397  488  489   77   40  399  490
 -2   74  402  491  492   63
 -1   64    4    0    0
 -2  392  404  493  486  394  406  494  487  409  495  496  488  399  411  497
 -2  490  414  498  499  491
 -1   65    4    0    0
 -2  404  416  500  493  406  418  501  494  421  502  503  495  411  423  504
 -2  497  426  505  506  498
 -1   66    4    0    0
 -2  416  428  507  500  418  430  508  501  433  509  510  502  423  435  511
 -2  504  438  512  513  505
 -1   67    4    0    0
 -2  428  440  514  507  430  442  515  508  445  516  517  509  435  447  518
 -2  511  450  519  520  512
 -1   68    4    0    0
 -2    8  394  487   55    4  452  521   53  402  491  492   63   16  454  522
 -2   60  457  523  524   58
 -1   69    4    0    0
 -2  394  406  494  487  452  459  525  521  414  498  499  491  454  461  526
 -2  522  464  527  528  523
 -1   70    4    0    0
 -2  406  418  501  494  459  466  529  525  426  505  506  498  461  468  530
 -2  526  471  531  532  527
 -1   71    4    0    0
 -2  418  430  508  501  466  473  533  529  438  512  513  505  468  475  534
 -2  530  478  535  536  531
 -1   72    4    0    0
 -2  430  442  515  508  473  480  537  533  450  519  520  512  475  482  538
 -2  534  485  539  540  535
 -3
  100CL101   0.63281E+05            Beschreibung         3    1                 
 -4  DISP        4    1                                                         
 -5  D1          1    2    1    0                                               
 -5  D2          1    2    2    0                                               
 -5  D3          1    2    3    0                                               
 -5  ALL         1    2    0    0    1ALL                                       
 -1    1-0.17066E+02 0.27868E+02-0.11011E+03
 -1    2-0.11808E+02 0.32376E+02-0.67223E+02
 -1    3-0.10946E-04 0.37971E+02-0.54395E+02
 -1    4-0.69986E-05 0.33619E+02-0.97822E+02
 -1    5 0.39035E+00-0.44922E+02-0.76585E+02
 -1    6 0.64179E-01-0.24781E+02-0.43802E+02
 -1    7-0.15059E-04-0.18149E+02-0.32333E+02
 -1    8 0.56907E-05-0.38128E+02-0.64856E+02
 -1    9-0.14705E+02 0.31236E+02-0.90891E+02
 -1   10-0.54801E+01 0.37005E+02-0.57019E+02
 -1   11-0.15609E-04 0.37081E+02-0.78105E+02
 -1   12-0.82938E+01 0.31669E+02-0.10050E+03
 -1   13-0.84278E+01-0.75721E+01-0.95396E+02
 -1   14-0.57566E+01 0.27206E+01-0.56831E+02
 -1   15-0.98037E-05 0.78645E+01-0.44673E+02
 -1   16-0.45897E-05-0.18821E+01-0.83083E+02
 -1   17 0.21542E+00-0.35431E+02-0.61083E+02
 -1   18 0.70889E-02-0.19280E+02-0.34230E+02
 -1   19-0.11802E-04-0.28523E+02-0.49128E+02
 -1   20 0.17630E+00-0.39702E+02-0.67576E+02
 -1   21-0.39594E+01 0.26511E+02-0.39568E+01
 -1   22-0.39235E-05 0.31048E+02 0.84222E+01
 -1   23 0.00000E+00 0.00000E+00 0.00000E+00
 -1   24 0.00000E+00 0.00000E+00 0.00000E+00
 -1   25-0.77771E+01 0.30483E+02-0.38832E+02
 -1   26-0.24109E+01 0.31249E+02 0.86318E+01
 -1   27-0.49106E-05 0.34080E+02-0.27562E+02
 -1   28-0.15527E+01 0.12224E+02-0.43052E+01
 -1   29-0.29406E-05 0.12721E+02 0.28272E+01
 -1   30-0.31147E-01-0.12183E+02-0.22171E+02
 -1   31 0.00000E+00 0.00000E+00 0.00000E+00
 -1   32-0.95175E-05-0.52504E+01-0.98620E+01
 -1   33 0.17509E+02-0.10996E+03-0.34678E+02
 -1   34 0.11853E+02-0.75046E+02-0.10308E+02
 -1   35-0.12594E-05-0.66881E+02 0.12254E+01
 -1   36-0.65311E-05-0.10238E+03-0.23549E+02
 -1   37 0.90766E+01-0.79674E+02-0.55856E+02
 -1   38 0.58885E+01-0.50913E+02-0.28193E+02
 -1   39-0.14304E-04-0.43026E+02-0.17490E+02
 -1   40 0.15418E-05-0.71986E+02-0.44729E+02
 -1   41 0.14961E+02-0.95043E+02-0.22677E+02
 -1   42 0.55774E+01-0.68706E+02-0.10850E+01
 -1   43 0.53356E-05-0.87083E+02-0.11135E+02
 -1   44 0.85170E+01-0.10366E+03-0.26593E+02
 -1   45 0.32601E+01-0.16455E+02 0.15966E+02
 -1   46-0.20113E-04-0.84079E+01 0.26371E+02
 -1   47 0.11328E+01-0.87430E+01 0.54214E+01
 -1   48-0.41327E-05-0.30649E+01 0.10015E+02
 -1   49 0.75996E+01-0.49221E+02 0.23387E+01
 -1   50 0.21680E+01-0.88879E+01 0.26441E+02
 -1   51-0.80360E-05-0.41141E+02 0.11711E+02
 -1   52 0.11809E+02 0.32376E+02-0.67223E+02
 -1   53 0.17066E+02 0.27868E+02-0.11011E+03
 -1   54-0.64181E-01-0.24781E+02-0.43802E+02
 -1   55-0.39035E+00-0.44922E+02-0.76585E+02
 -1   56 0.54801E+01 0.37005E+02-0.57019E+02
 -1   57 0.14705E+02 0.31236E+02-0.90891E+02
 -1   58 0.82938E+01 0.31668E+02-0.10050E+03
 -1   59 0.57566E+01 0.27206E+01-0.56831E+02
 -1   60 0.84279E+01-0.75720E+01-0.95396E+02
 -1   61-0.70804E-02-0.19280E+02-0.34230E+02
 -1   62-0.21540E+00-0.35431E+02-0.61083E+02
 -1   63-0.17630E+00-0.39702E+02-0.67576E+02
 -1   64 0.39594E+01 0.26511E+02-0.39568E+01
 -1   65 0.00000E+00 0.00000E+00 0.00000E+00
 -1   66 0.24109E+01 0.31249E+02 0.86318E+01
 -1   67 0.77771E+01 0.30483E+02-0.38832E+02
 -1   68 0.15527E+01 0.12224E+02-0.43051E+01
 -1   69 0.00000E+00 0.00000E+00 0.00000E+00
 -1   70 0.31159E-01-0.12183E+02-0.22171E+02
 -1   71-0.11853E+02-0.75046E+02-0.10308E+02
 -1   72-0.17510E+02-0.10996E+03-0.34678E+02
 -1   73-0.58885E+01-0.50913E+02-0.28193E+02
 -1   74-0.90767E+01-0.79674E+02-0.55856E+02
 -1   75-0.55774E+01-0.68706E+02-0.10850E+01
 -1   76-0.14961E+02-0.95043E+02-0.22677E+02
 -1   77-0.85171E+01-0.10366E+03-0.26593E+02
 -1   78-0.32600E+01-0.16455E+02 0.15966E+02
 -1   79-0.11327E+01-0.87432E+01 0.54215E+01
 -1   80-0.21680E+01-0.88880E+01 0.26441E+02
 -1   81-0.75995E+01-0.49220E+02 0.23387E+01
 -1   82 0.20963E+02-0.86782E+02 0.86374E+02
 -1   83 0.14102E+02-0.53268E+02 0.66886E+02
 -1   84-0.17845E-04-0.44215E+02 0.81077E+02
 -1   85 0.15029E-04-0.79021E+02 0.10080E+03
 -1   86 0.18980E+02-0.10188E+03 0.17948E+02
 -1   87 0.12834E+02-0.66679E+02 0.25180E+02
 -1   88-0.92001E-05-0.58764E+02 0.36416E+02
 -1   89 0.77754E-05-0.93979E+02 0.29996E+02
 -1   90 0.17607E+02-0.70366E+02 0.76868E+02
 -1   91 0.67825E+01-0.45501E+02 0.77758E+02
 -1   92-0.30209E-05-0.61888E+02 0.91011E+02
 -1   93 0.98060E+01-0.79726E+02 0.96998E+02
 -1   94 0.74422E+01-0.16871E+02 0.47713E+02
 -1   95 0.23050E-04-0.65828E+01 0.60237E+02
 -1   96 0.57834E+01-0.18722E+02 0.31626E+02
 -1   97-0.46126E-04-0.95191E+01 0.43588E+02
 -1   98 0.10704E+02-0.35373E+02 0.57804E+02
 -1   99 0.34458E+01-0.85407E+01 0.56938E+02
 -1  100 0.43808E-04-0.26196E+02 0.71721E+02
 -1  101 0.22540E+02-0.24189E+02 0.27029E+03
 -1  102 0.13650E+02-0.78610E+01 0.16008E+03
 -1  103 0.11683E-04 0.33923E+01 0.17843E+03
 -1  104 0.19196E-04-0.12834E+02 0.29036E+03
 -1  105 0.22337E+02-0.60723E+02 0.17095E+03
 -1  106 0.14412E+02-0.33568E+02 0.11239E+03
 -1  107-0.54843E-05-0.23065E+02 0.12897E+03
 -1  108 0.22050E-04-0.50483E+02 0.18931E+03
 -1  109 0.17950E+02-0.15154E+02 0.21310E+03
 -1  110 0.67694E+01 0.70812E+00 0.17397E+03
 -1  111 0.16727E-04-0.37792E+01 0.23242E+03
 -1  112 0.11220E+02-0.15133E+02 0.28515E+03
 -1  113 0.56588E+01 0.18535E+01 0.68971E+02
 -1  114-0.22223E-04 0.12505E+02 0.85098E+02
 -1  115 0.72572E+01-0.96459E+01 0.61084E+02
 -1  116 0.62349E-04 0.13061E+01 0.76039E+02
 -1  117 0.95016E+01-0.19355E+01 0.11201E+03
 -1  118 0.29225E+01 0.96226E+01 0.82113E+02
 -1  119-0.11426E-04 0.91336E+01 0.12921E+03
 -1  120-0.14102E+02-0.53268E+02 0.66887E+02
 -1  121-0.20963E+02-0.86782E+02 0.86375E+02
 -1  122-0.12834E+02-0.66679E+02 0.25180E+02
 -1  123-0.18980E+02-0.10188E+03 0.17948E+02
 -1  124-0.67824E+01-0.45501E+02 0.77758E+02
 -1  125-0.17607E+02-0.70366E+02 0.76868E+02
 -1  126-0.98059E+01-0.79726E+02 0.96998E+02
 -1  127-0.74415E+01-0.16870E+02 0.47704E+02
 -1  128-0.57826E+01-0.18722E+02 0.31618E+02
 -1  129-0.34458E+01-0.85404E+01 0.56937E+02
 -1  130-0.10704E+02-0.35373E+02 0.57804E+02
 -1  131-0.13650E+02-0.78609E+01 0.16008E+03
 -1  132-0.22540E+02-0.24189E+02 0.27029E+03
 -1  133-0.14412E+02-0.33568E+02 0.11239E+03
 -1  134-0.22337E+02-0.60723E+02 0.17095E+03
 -1  135-0.67694E+01 0.70817E+00 0.17397E+03
 -1  136-0.17950E+02-0.15154E+02 0.21310E+03
 -1  137-0.11220E+02-0.15133E+02 0.28515E+03
 -1  138-0.56589E+01 0.18536E+01 0.68971E+02
 -1  139-0.72573E+01-0.96455E+01 0.61084E+02
 -1  140-0.29225E+01 0.96225E+01 0.82114E+02
 -1  141-0.95016E+01-0.19353E+01 0.11201E+03
 -1  142-0.12932E+00 0.10278E+03 0.17867E+03
 -1  143 0.28736E+00 0.65891E+02 0.11967E+03
 -1  144-0.58898E-05 0.76474E+02 0.13822E+03
 -1  145-0.32215E-05 0.11405E+03 0.19846E+03
 -1  146 0.11251E+02 0.38559E+02 0.22333E+03
 -1  147 0.71785E+01 0.28407E+02 0.14160E+03
 -1  148 0.23701E-05 0.39553E+02 0.15992E+03
 -1  149 0.89072E-05 0.50215E+02 0.24304E+03
 -1  150 0.82078E-01 0.83730E+02 0.14834E+03
 -1  151 0.13214E+00 0.74023E+02 0.13387E+03
 -1  152-0.45672E-05 0.94649E+02 0.16751E+03
 -1  153-0.71262E-01 0.11136E+03 0.19369E+03
 -1  154 0.61829E+00 0.33386E+02 0.67536E+02
 -1  155 0.81021E-05 0.43611E+02 0.85299E+02
 -1  156 0.33874E+01 0.16873E+02 0.71830E+02
 -1  157-0.10238E-04 0.27577E+02 0.88856E+02
 -1  158 0.45433E+00 0.49276E+02 0.93019E+02
 -1  159 0.35965E+00 0.41139E+02 0.81031E+02
 -1  160-0.12602E-06 0.59465E+02 0.11080E+03
 -1  161-0.22463E+02 0.23071E+03 0.99036E+02
 -1  162-0.13173E+02 0.13489E+03 0.70472E+02
 -1  163-0.13138E-04 0.14480E+03 0.89376E+02
 -1  164-0.24106E-04 0.24204E+03 0.11875E+03
 -1  165-0.11420E+02 0.16724E+03 0.13703E+03
 -1  166-0.66412E+01 0.10216E+03 0.95525E+02
 -1  167-0.94743E-05 0.11211E+03 0.11438E+03
 -1  168-0.13566E-04 0.17817E+03 0.15696E+03
 -1  169-0.17673E+02 0.18098E+03 0.84690E+02
 -1  170-0.65433E+01 0.14241E+03 0.84771E+02
 -1  171-0.18792E-04 0.19165E+03 0.10412E+03
 -1  172-0.11190E+02 0.23876E+03 0.11418E+03
 -1  173-0.46378E+01 0.55522E+02 0.43741E+02
 -1  174-0.32864E-05 0.64196E+02 0.61275E+02
 -1  175-0.21530E+01 0.47457E+02 0.57353E+02
 -1  176 0.19069E-05 0.56914E+02 0.75259E+02
 -1  177-0.88026E+01 0.92856E+02 0.56944E+02
 -1  178-0.24473E+01 0.63090E+02 0.57255E+02
 -1  179-0.90894E-05 0.10184E+03 0.75192E+02
 -1  180-0.28736E+00 0.65891E+02 0.11967E+03
 -1  181 0.12932E+00 0.10278E+03 0.17867E+03
 -1  182-0.71785E+01 0.28407E+02 0.14160E+03
 -1  183-0.11251E+02 0.38559E+02 0.22333E+03
 -1  184-0.13214E+00 0.74023E+02 0.13387E+03
 -1  185-0.82074E-01 0.83730E+02 0.14834E+03
 -1  186 0.71261E-01 0.11136E+03 0.19369E+03
 -1  187-0.61829E+00 0.33387E+02 0.67536E+02
 -1  188-0.33875E+01 0.16873E+02 0.71830E+02
 -1  189-0.35966E+00 0.41139E+02 0.81031E+02
 -1  190-0.45432E+00 0.49276E+02 0.93019E+02
 -1  191 0.13173E+02 0.13489E+03 0.70472E+02
 -1  192 0.22463E+02 0.23071E+03 0.99036E+02
 -1  193 0.66412E+01 0.10216E+03 0.95525E+02
 -1  194 0.11420E+02 0.16724E+03 0.13703E+03
 -1  195 0.65433E+01 0.14241E+03 0.84771E+02
 -1  196 0.17673E+02 0.18098E+03 0.84690E+02
 -1  197 0.11190E+02 0.23876E+03 0.11419E+03
 -1  198 0.46378E+01 0.55522E+02 0.43741E+02
 -1  199 0.21530E+01 0.47457E+02 0.57353E+02
 -1  200 0.24473E+01 0.63090E+02 0.57255E+02
 -1  201 0.88026E+01 0.92856E+02 0.56944E+02
 -1  202-0.20451E+02 0.11485E+03-0.33448E+02
 -1  203-0.13916E+02 0.84579E+02-0.10462E+02
 -1  204-0.11836E-04 0.91995E+02 0.42958E+01
 -1  205-0.19271E-04 0.12284E+03-0.20035E+02
 -1  206-0.22072E+02 0.16968E+03 0.25949E+02
 -1  207-0.14096E+02 0.11061E+03 0.27478E+02
 -1  208-0.13917E-04 0.11930E+03 0.44803E+02
 -1  209-0.23980E-04 0.18013E+03 0.43672E+02
 -1  210-0.17274E+02 0.10019E+03-0.22287E+02
 -1  211-0.66441E+01 0.89752E+02 0.15779E+01
 -1  212-0.13539E-04 0.10770E+03-0.82627E+01
 -1  213-0.94804E+01 0.12007E+03-0.22335E+02
 -1  214-0.75427E+01 0.52277E+02 0.15701E+02
 -1  215-0.85440E-06 0.57762E+02 0.31153E+02
 -1  216-0.67464E+01 0.57631E+02 0.29512E+02
 -1  217-0.17772E-05 0.65056E+02 0.46788E+02
 -1  218-0.10701E+02 0.68846E+02 0.27072E+01
 -1  219-0.33506E+01 0.56078E+02 0.27361E+02
 -1  220-0.70654E-05 0.76071E+02 0.17737E+02
 -1  221-0.18534E+02 0.67235E+02-0.77800E+02
 -1  222-0.12712E+02 0.57433E+02-0.42350E+02
 -1  223-0.87994E-05 0.62826E+02-0.30172E+02
 -1  224-0.15732E-04 0.73372E+02-0.64962E+02
 -1  225-0.63590E+01 0.41018E+02 0.42569E+01
 -1  226-0.29535E-05 0.46591E+02 0.18595E+02
 -1  227 0.13916E+02 0.84579E+02-0.10462E+02
 -1  228 0.20451E+02 0.11485E+03-0.33448E+02
 -1  229 0.14096E+02 0.11061E+03 0.27479E+02
 -1  230 0.22072E+02 0.16968E+03 0.25949E+02
 -1  231 0.66441E+01 0.89752E+02 0.15779E+01
 -1  232 0.17274E+02 0.10019E+03-0.22287E+02
 -1  233 0.94804E+01 0.12007E+03-0.22335E+02
 -1  234 0.75427E+01 0.52277E+02 0.15701E+02
 -1  235 0.67464E+01 0.57631E+02 0.29512E+02
 -1  236 0.33506E+01 0.56078E+02 0.27361E+02
 -1  237 0.10701E+02 0.68846E+02 0.27073E+01
 -1  238 0.12712E+02 0.57433E+02-0.42350E+02
 -1  239 0.18534E+02 0.67235E+02-0.77800E+02
 -1  240 0.63590E+01 0.41018E+02 0.42570E+01
 -1  241-0.22048E+02 0.46333E+03 0.42050E+03
 -1  242-0.17783E-04 0.47721E+03 0.44392E+03
 -1  243-0.12287E+00 0.30089E+03 0.52326E+03
 -1  244-0.29012E-05 0.31446E+03 0.54690E+03
 -1  245-0.22582E+02 0.33835E+03 0.24065E+03
 -1  246-0.10936E+02 0.47334E+03 0.43833E+03
 -1  247-0.21602E-04 0.35117E+03 0.26233E+03
 -1  248-0.11140E+02 0.38226E+03 0.47051E+03
 -1  249-0.10471E-04 0.39581E+03 0.49411E+03
 -1  250-0.13120E+00 0.19148E+03 0.33292E+03
 -1  251-0.62360E-01 0.31114E+03 0.54113E+03
 -1  252-0.17782E-05 0.20403E+03 0.35480E+03
 -1  253-0.19608E+02 0.76819E+03 0.90816E+03
 -1  254-0.15411E-04 0.78371E+03 0.93445E+03
 -1  255-0.93268E-01 0.58761E+03 0.10224E+04
 -1  256-0.41015E-05 0.60282E+03 0.10488E+04
 -1  257-0.21066E+02 0.60642E+03 0.64214E+03
 -1  258-0.96866E+01 0.77959E+03 0.92812E+03
 -1  259-0.16450E-04 0.62122E+03 0.66711E+03
 -1  260-0.98835E+01 0.67790E+03 0.96437E+03
 -1  261-0.97560E-05 0.69317E+03 0.99077E+03
 -1  262-0.10941E+00 0.43250E+03 0.75228E+03
 -1  263-0.45953E-01 0.59910E+03 0.10423E+04
 -1  264-0.31240E-05 0.44696E+03 0.77745E+03
 -1  265-0.15206E+02 0.11495E+04 0.15851E+04
 -1  266-0.13888E-04 0.11653E+04 0.16128E+04
 -1  267-0.54239E-01 0.97345E+03 0.16944E+04
 -1  268-0.55197E-05 0.98937E+03 0.17221E+04
 -1  269-0.17662E+02 0.94921E+03 0.12219E+04
 -1  270-0.74342E+01 0.11615E+04 0.16060E+04
 -1  271-0.14698E-04 0.96515E+03 0.12492E+04
 -1  272-0.76378E+01 0.10613E+04 0.16393E+04
 -1  273-0.97072E-05 0.10773E+04 0.16670E+04
 -1  274-0.75659E-01 0.76769E+03 0.13359E+04
 -1  275-0.26510E-01 0.98552E+03 0.17154E+04
 -1  276-0.47281E-05 0.78342E+03 0.13633E+04
 -1  277-0.87818E+01 0.16042E+04 0.24635E+04
 -1  278-0.12542E-04 0.16183E+04 0.24894E+04
 -1  279-0.90049E-02 0.14626E+04 0.25468E+04
 -1  280-0.70134E-05 0.14773E+04 0.25724E+04
 -1  281-0.12163E+02 0.13685E+04 0.19996E+04
 -1  282-0.43881E+01 0.16152E+04 0.24828E+04
 -1  283-0.13260E-04 0.13838E+04 0.20269E+04
 -1  284-0.43860E+01 0.15333E+04 0.25051E+04
 -1  285-0.97779E-05 0.15477E+04 0.25308E+04
 -1  286-0.32360E-01 0.12056E+04 0.20988E+04
 -1  287-0.52041E-02 0.14737E+04 0.25661E+04
 -1  288-0.62225E-05 0.12212E+04 0.21260E+04
 -1  289-0.22175E+01 0.21052E+04 0.35066E+04
 -1  290-0.11017E-04 0.21171E+04 0.35275E+04
 -1  291 0.39330E-01 0.20325E+04 0.35404E+04
 -1  292-0.85162E-05 0.20446E+04 0.35613E+04
 -1  293-0.52557E+01 0.18521E+04 0.29708E+04
 -1  294-0.17736E+01 0.21138E+04 0.35209E+04
 -1  295-0.11852E-04 0.18647E+04 0.29940E+04
 -1  296-0.10849E+01 0.20689E+04 0.35235E+04
 -1  297-0.97670E-05 0.20809E+04 0.35444E+04
 -1  298 0.97336E-02 0.17410E+04 0.30321E+04
 -1  299 0.22562E-01 0.20408E+04 0.35547E+04
 -1  300-0.77408E-05 0.17542E+04 0.30550E+04
 -1  301 0.21960E+02 0.13956E+03 0.63555E+03
 -1  302 0.13176E-04 0.15289E+03 0.65953E+03
 -1  303 0.10935E+02 0.21980E+03 0.57836E+03
 -1  304 0.50740E-05 0.23340E+03 0.60205E+03
 -1  305 0.22531E+02 0.45790E+02 0.43622E+03
 -1  306 0.10888E+02 0.14998E+03 0.65331E+03
 -1  307 0.16946E-04 0.58132E+02 0.45846E+03
 -1  308 0.19485E+02 0.40813E+03 0.11431E+04
 -1  309 0.72973E-05 0.42308E+03 0.11698E+04
 -1  310 0.97125E+01 0.49762E+03 0.10820E+04
 -1  311 0.16429E-05 0.51277E+03 0.11085E+04
 -1  312 0.20954E+02 0.25974E+03 0.87063E+03
 -1  313 0.96235E+01 0.41966E+03 0.11631E+04
 -1  314 0.10104E-04 0.27393E+03 0.89611E+03
 -1  315 0.15095E+02 0.79834E+03 0.18074E+04
 -1  316 0.30380E-05 0.81432E+03 0.18351E+04
 -1  317 0.75279E+01 0.88580E+03 0.17504E+04
 -1  318-0.12507E-05 0.90174E+03 0.17781E+04
 -1  319 0.17537E+02 0.58720E+03 0.14551E+04
 -1  320 0.73796E+01 0.81041E+03 0.18284E+04
 -1  321 0.51181E-05 0.60278E+03 0.14827E+04
 -1  322 0.87534E+01 0.13215E+04 0.26313E+04
 -1  323-0.14318E-05 0.13368E+04 0.26565E+04
 -1  324 0.43640E+01 0.13920E+04 0.25889E+04
 -1  325-0.42207E-05 0.14070E+04 0.26143E+04
 -1  326 0.12086E+02 0.10433E+04 0.22004E+04
 -1  327 0.43736E+01 0.13326E+04 0.26505E+04
 -1  328 0.79337E-06 0.10593E+04 0.22273E+04
 -1  329 0.23025E+01 0.19599E+04 0.35740E+04
 -1  330-0.59250E-05 0.19719E+04 0.35948E+04
 -1  331 0.11633E+01 0.19962E+04 0.35572E+04
 -1  332-0.72215E-05 0.20083E+04 0.35781E+04
 -1  333 0.52787E+01 0.16300E+04 0.30936E+04
 -1  334 0.18215E+01 0.19679E+04 0.35885E+04
 -1  335-0.36694E-05 0.16438E+04 0.31162E+04
 -1  336 0.22048E+02 0.46333E+03 0.42050E+03
 -1  337 0.12287E+00 0.30089E+03 0.52326E+03
 -1  338 0.10936E+02 0.47334E+03 0.43833E+03
 -1  339 0.22582E+02 0.33835E+03 0.24065E+03
 -1  340 0.11140E+02 0.38226E+03 0.47051E+03
 -1  341 0.62355E-01 0.31114E+03 0.54113E+03
 -1  342 0.13120E+00 0.19148E+03 0.33292E+03
 -1  343 0.19608E+02 0.76819E+03 0.90816E+03
 -1  344 0.93261E-01 0.58761E+03 0.10224E+04
 -1  345 0.96866E+01 0.77959E+03 0.92812E+03
 -1  346 0.21066E+02 0.60642E+03 0.64214E+03
 -1  347 0.98835E+01 0.67790E+03 0.96437E+03
 -1  348 0.45945E-01 0.59910E+03 0.10423E+04
 -1  349 0.10940E+00 0.43250E+03 0.75228E+03
 -1  350 0.15206E+02 0.11495E+04 0.15851E+04
 -1  351 0.54228E-01 0.97345E+03 0.16944E+04
 -1  352 0.74341E+01 0.11615E+04 0.16060E+04
 -1  353 0.17662E+02 0.94921E+03 0.12219E+04
 -1  354 0.76377E+01 0.10613E+04 0.16393E+04
 -1  355 0.26499E-01 0.98552E+03 0.17154E+04
 -1  356 0.75650E-01 0.76769E+03 0.13359E+04
 -1  357 0.87817E+01 0.16042E+04 0.24635E+04
 -1  358 0.89910E-02 0.14626E+04 0.25468E+04
 -1  359 0.43881E+01 0.16152E+04 0.24828E+04
 -1  360 0.12163E+02 0.13685E+04 0.19996E+04
 -1  361 0.43859E+01 0.15333E+04 0.25051E+04
 -1  362 0.51901E-02 0.14737E+04 0.25661E+04
 -1  363 0.32348E-01 0.12056E+04 0.20988E+04
 -1  364 0.22174E+01 0.21052E+04 0.35066E+04
 -1  365-0.39347E-01 0.20325E+04 0.35404E+04
 -1  366 0.17736E+01 0.21138E+04 0.35209E+04
 -1  367 0.52557E+01 0.18521E+04 0.29708E+04
 -1  368 0.10849E+01 0.20689E+04 0.35235E+04
 -1  369-0.22579E-01 0.20408E+04 0.35547E+04
 -1  370-0.97491E-02 0.17410E+04 0.30321E+04
 -1  371-0.21960E+02 0.13956E+03 0.63555E+03
 -1  372-0.10935E+02 0.21980E+03 0.57836E+03
 -1  373-0.10888E+02 0.14998E+03 0.65331E+03
 -1  374-0.22531E+02 0.45790E+02 0.43622E+03
 -1  375-0.19485E+02 0.40813E+03 0.11431E+04
 -1  376-0.97125E+01 0.49762E+03 0.10820E+04
 -1  377-0.96235E+01 0.41966E+03 0.11631E+04
 -1  378-0.20954E+02 0.25974E+03 0.87063E+03
 -1  379-0.15095E+02 0.79834E+03 0.18074E+04
 -1  380-0.75279E+01 0.88580E+03 0.17504E+04
 -1  381-0.73796E+01 0.81041E+03 0.18284E+04
 -1  382-0.17537E+02 0.58720E+03 0.14551E+04
 -1  383-0.87534E+01 0.13215E+04 0.26313E+04
 -1  384-0.43640E+01 0.13920E+04 0.25889E+04
 -1  385-0.43736E+01 0.13326E+04 0.26505E+04
 -1  386-0.12086E+02 0.10433E+04 0.22004E+04
 -1  387-0.23025E+01 0.19599E+04 0.35740E+04
 -1  388-0.11633E+01 0.19962E+04 0.35572E+04
 -1  389-0.18215E+01 0.19679E+04 0.35885E+04
 -1  390-0.52787E+01 0.16300E+04 0.30936E+04
 -1  391 0.11690E+02-0.10624E+03-0.13881E+03
 -1  392-0.22293E-05-0.10175E+03-0.13202E+03
 -1  393-0.74497E-01-0.89516E+02-0.15839E+03
 -1  394 0.23232E-05-0.85905E+02-0.15200E+03
 -1  395 0.14543E+02-0.11336E+03-0.10092E+03
 -1  396 0.59220E+01-0.10241E+03-0.13406E+03
 -1  397-0.52879E-04-0.10739E+03-0.91694E+02
 -1  398 0.54919E+01-0.97946E+02-0.15019E+03
 -1  399 0.11004E-04-0.93421E+02-0.14388E+03
 -1  400 0.30335E-01-0.76665E+02-0.13548E+03
 -1  401-0.27049E-01-0.86860E+02-0.15365E+03
 -1  402-0.91965E-05-0.71427E+02-0.12635E+03
 -1  403 0.70549E+01-0.72337E+02-0.15716E+03
 -1  404 0.34330E-04-0.69722E+02-0.15378E+03
 -1  405-0.83158E-01-0.79527E+02-0.14020E+03
 -1  406 0.69678E-04-0.77920E+02-0.13726E+03
 -1  407 0.91717E+01-0.91441E+02-0.15545E+03
 -1  408 0.35420E+01-0.70155E+02-0.15483E+03
 -1  409 0.20726E-04-0.87972E+02-0.15063E+03
 -1  410 0.30777E+01-0.75483E+02-0.15074E+03
 -1  411 0.43912E-04-0.73064E+02-0.14776E+03
 -1  412-0.82616E-01-0.88926E+02-0.15736E+03
 -1  413-0.47491E-01-0.78360E+02-0.13804E+03
 -1  414 0.25733E-04-0.86444E+02-0.15295E+03
 -1  415 0.38584E+01-0.26450E+02-0.13013E+03
 -1  416 0.48002E-04-0.25043E+02-0.12865E+03
 -1  417 0.48105E-01-0.44853E+02-0.77718E+02
 -1  418 0.38180E-04-0.44315E+02-0.76637E+02
 -1  419 0.53324E+01-0.50078E+02-0.14774E+03
 -1  420 0.19356E+01-0.25262E+02-0.12914E+03
 -1  421 0.51289E-04-0.48143E+02-0.14541E+03
 -1  422 0.15043E+01-0.35300E+02-0.10560E+03
 -1  423 0.48953E-04-0.34141E+02-0.10448E+03
 -1  424-0.18398E-01-0.64096E+02-0.11236E+03
 -1  425 0.34025E-01-0.44465E+02-0.76912E+02
 -1  426 0.46821E-04-0.63104E+02-0.11049E+03
 -1  427 0.13477E+01 0.21977E+02-0.79441E+02
 -1  428 0.26225E-04 0.22569E+02-0.79146E+02
 -1  429 0.00000E+00 0.00000E+00 0.00000E+00
 -1  430 0.00000E+00 0.00000E+00 0.00000E+00
 -1  431 0.24892E+01-0.18889E+01-0.10683E+03
 -1  432 0.68030E+00 0.22458E+02-0.79310E+02
 -1  433 0.42318E-04-0.95951E+00-0.10606E+03
 -1  434 0.55367E+00 0.10569E+02-0.39969E+02
 -1  435 0.96140E-05 0.10927E+02-0.39827E+02
 -1  436 0.36858E-01-0.23353E+02-0.39611E+02
 -1  437 0.00000E+00 0.00000E+00 0.00000E+00
 -1  438 0.11715E-04-0.23062E+02-0.39096E+02
 -1  439 0.23328E+00 0.65777E+02-0.20122E+02
 -1  440-0.39720E-05 0.66008E+02-0.20144E+02
 -1  441 0.75727E-01 0.40431E+02 0.74885E+02
 -1  442-0.21275E-04 0.40396E+02 0.74949E+02
 -1  443 0.60777E+00 0.44965E+02-0.49662E+02
 -1  444 0.13923E+00 0.65916E+02-0.20177E+02
 -1  445 0.75602E-05 0.45230E+02-0.49656E+02
 -1  446 0.60629E-01 0.53258E+02 0.27628E+02
 -1  447-0.10321E-04 0.53385E+02 0.27607E+02
 -1  448 0.61903E-01 0.19755E+02 0.37636E+02
 -1  449 0.14263E-01 0.40406E+02 0.74941E+02
 -1  450-0.91846E-05 0.19798E+02 0.37678E+02
 -1  451-0.92762E+01-0.81728E+02-0.16093E+03
 -1  452-0.32111E-04-0.79069E+02-0.15517E+03
 -1  453-0.50150E+01-0.83000E+02-0.16234E+03
 -1  454 0.34215E-05-0.80306E+02-0.15601E+03
 -1  455-0.13122E+02-0.43690E+02-0.15594E+03
 -1  456-0.47338E+01-0.80194E+02-0.15645E+03
 -1  457-0.16731E-04-0.39102E+02-0.14701E+03
 -1  458-0.41556E+01-0.97620E+02-0.10551E+03
 -1  459 0.76273E-04-0.96830E+02-0.10317E+03
 -1  460-0.24824E+01-0.86453E+02-0.12514E+03
 -1  461 0.74509E-04-0.85533E+02-0.12237E+03
 -1  462-0.64272E+01-0.97358E+02-0.14100E+03
 -1  463-0.20740E+01-0.97242E+02-0.10371E+03
 -1  464 0.83782E-05-0.95795E+02-0.13719E+03
 -1  465-0.97247E+00-0.70544E+02-0.14024E+02
 -1  466 0.47185E-05-0.70488E+02-0.13424E+02
 -1  467-0.77689E+00-0.56374E+02-0.46983E+02
 -1  468 0.20425E-04-0.56245E+02-0.46069E+02
 -1  469-0.23570E+01-0.87413E+02-0.61559E+02
 -1  470-0.49880E+00-0.70638E+02-0.13566E+02
 -1  471 0.33628E-04-0.87100E+02-0.60253E+02
 -1  472 0.50353E-01-0.27865E+02 0.79431E+02
 -1  473-0.14402E-04-0.27892E+02 0.79428E+02
 -1  474-0.11314E+00-0.14080E+02 0.40091E+02
 -1  475-0.70538E-05-0.14147E+02 0.40100E+02
 -1  476-0.12341E+00-0.49192E+02 0.34030E+02
 -1  477 0.22699E-01-0.27899E+02 0.79366E+02
 -1  478-0.12050E-06-0.49302E+02 0.34075E+02
 -1  479-0.71757E-01 0.14200E+02 0.17151E+03
 -1  480-0.39147E-04 0.14269E+02 0.17190E+03
 -1  481 0.12721E+00 0.27721E+02 0.12247E+03
 -1  482-0.30507E-04 0.27754E+02 0.12261E+03
 -1  483-0.74740E-01-0.69957E+01 0.12479E+03
 -1  484-0.21226E-01 0.14258E+02 0.17181E+03
 -1  485-0.29110E-04-0.70200E+01 0.12491E+03
 -1  486-0.11690E+02-0.10624E+03-0.13881E+03
 -1  487 0.74861E-01-0.89516E+02-0.15839E+03
 -1  488-0.59219E+01-0.10241E+03-0.13406E+03
 -1  489-0.14543E+02-0.11336E+03-0.10092E+03
 -1  490-0.54918E+01-0.97946E+02-0.15019E+03
 -1  491 0.27161E-01-0.86860E+02-0.15365E+03
 -1  492-0.30466E-01-0.76665E+02-0.13548E+03
 -1  493-0.70548E+01-0.72337E+02-0.15716E+03
 -1  494 0.83212E-01-0.79527E+02-0.14020E+03
 -1  495-0.35419E+01-0.70155E+02-0.15483E+03
 -1  496-0.91717E+01-0.91441E+02-0.15545E+03
 -1  497-0.30776E+01-0.75483E+02-0.15074E+03
 -1  498 0.47593E-01-0.78360E+02-0.13804E+03
 -1  499 0.82575E-01-0.88926E+02-0.15736E+03
 -1  500-0.38584E+01-0.26450E+02-0.13013E+03
 -1  501-0.48036E-01-0.44853E+02-0.77718E+02
 -1  502-0.19355E+01-0.25262E+02-0.12914E+03
 -1  503-0.53323E+01-0.50078E+02-0.14774E+03
 -1  504-0.15042E+01-0.35300E+02-0.10560E+03
 -1  505-0.33951E-01-0.44465E+02-0.76912E+02
 -1  506 0.18519E-01-0.64096E+02-0.11236E+03
 -1  507-0.13477E+01 0.21977E+02-0.79441E+02
 -1  508 0.00000E+00 0.00000E+00 0.00000E+00
 -1  509-0.68025E+00 0.22458E+02-0.79310E+02
 -1  510-0.24891E+01-0.18889E+01-0.10683E+03
 -1  511-0.55365E+00 0.10569E+02-0.39969E+02
 -1  512 0.00000E+00 0.00000E+00 0.00000E+00
 -1  513-0.36834E-01-0.23353E+02-0.39611E+02
 -1  514-0.23329E+00 0.65777E+02-0.20122E+02
 -1  515-0.75769E-01 0.40431E+02 0.74885E+02
 -1  516-0.13924E+00 0.65916E+02-0.20177E+02
 -1  517-0.60775E+00 0.44965E+02-0.49662E+02
 -1  518-0.60647E-01 0.53258E+02 0.27628E+02
 -1  519-0.14306E-01 0.40406E+02 0.74941E+02
 -1  520-0.61921E-01 0.19755E+02 0.37636E+02
 -1  521 0.92763E+01-0.81728E+02-0.16093E+03
 -1  522 0.50152E+01-0.83000E+02-0.16234E+03
 -1  523 0.47339E+01-0.80194E+02-0.15645E+03
 -1  524 0.13122E+02-0.43690E+02-0.15594E+03
 -1  525 0.41556E+01-0.97621E+02-0.10551E+03
 -1  526 0.24825E+01-0.86453E+02-0.12514E+03
 -1  527 0.20741E+01-0.97242E+02-0.10370E+03
 -1  528 0.64273E+01-0.97359E+02-0.14100E+03
 -1  529 0.97253E+00-0.70544E+02-0.14024E+02
 -1  530 0.77694E+00-0.56374E+02-0.46983E+02
 -1  531 0.49883E+00-0.70638E+02-0.13566E+02
 -1  532 0.23570E+01-0.87413E+02-0.61559E+02
 -1  533-0.50384E-01-0.27865E+02 0.79431E+02
 -1  534 0.11313E+00-0.14080E+02 0.40091E+02
 -1  535-0.22731E-01-0.27899E+02 0.79366E+02
 -1  536 0.12342E+00-0.49192E+02 0.34030E+02
 -1  537 0.71676E-01 0.14200E+02 0.17151E+03
 -1  538-0.12727E+00 0.27721E+02 0.12247E+03
 -1  539 0.21147E-01 0.14258E+02 0.17181E+03
 -1  540 0.74684E-01-0.69957E+01 0.12479E+03
 -3
  100CL102   0.12289E+06            Beschreibung         3    1                 
 -4  DISP        4    1                                                         
 -5  D1          1    2    1    0                                               
 -5  D2          1    2    2    0                                               
 -5  D3          1    2    3    0                                               
 -5  ALL         1    2    0    0    1ALL                                       
 -1    1-0.82643E+00 0.11615E+03-0.66919E+02
 -1    2-0.41821E+02 0.14644E+03-0.87366E+02
 -1    3-0.29260E+02 0.32528E-04-0.77845E-04
 -1    4 0.14270E+02 0.59370E-04-0.88095E-04
 -1    5 0.73202E+01 0.10109E+03-0.63020E+02
 -1    6-0.21931E+02 0.11060E+03-0.67446E+02
 -1    7-0.20085E+02-0.50432E-04 0.11329E-04
 -1    8 0.15619E+02-0.23884E-04-0.57985E-04
 -1    9-0.20888E+02 0.13297E+03-0.78278E+02
 -1   10-0.30718E+02 0.74580E+02-0.38444E+02
 -1   11-0.63396E+01 0.51179E-04-0.85638E-04
 -1   12 0.10589E+02 0.59921E+02-0.33086E+02
 -1   13 0.27713E+01 0.10984E+03-0.67814E+02
 -1   14-0.26627E+02 0.10845E+03-0.80566E+02
 -1   15-0.20440E+02-0.17372E-04-0.29312E-04
 -1   16 0.13547E+02 0.14315E-04-0.78455E-04
 -1   17-0.77578E+01 0.10849E+03-0.66445E+02
 -1   18-0.20959E+02 0.55120E+02-0.34136E+02
 -1   19-0.23453E+01-0.49798E-04-0.20900E-04
 -1   20 0.14344E+02 0.51513E+02-0.32173E+02
 -1   21-0.93220E+02 0.15183E+03-0.76480E+02
 -1   22-0.78384E+02 0.58256E-04 0.12273E-04
 -1   23 0.00000E+00 0.00000E+00 0.00000E+00
 -1   24 0.00000E+00 0.00000E+00 0.00000E+00
 -1   25-0.60719E+02 0.14527E+03-0.91564E+02
 -1   26-0.75395E+02 0.74715E+02-0.27106E+02
 -1   27-0.47654E+02 0.35750E-04-0.36737E-04
 -1   28-0.47724E+02 0.98067E+02-0.55919E+02
 -1   29-0.45202E+02 0.22591E-04 0.30547E-05
 -1   30-0.31841E+02 0.77167E+02-0.51243E+02
 -1   31 0.00000E+00 0.00000E+00 0.00000E+00
 -1   32-0.36154E+02-0.81166E-05 0.11124E-05
 -1   33 0.75991E+01 0.11105E+03-0.73697E+02
 -1   34-0.35394E+02 0.14250E+03-0.89250E+02
 -1   35-0.22892E+02-0.13321E-03-0.10856E-03
 -1   36 0.23473E+02-0.81374E-04-0.65464E-04
 -1   37 0.70175E+01 0.10933E+03-0.68253E+02
 -1   38-0.24709E+02 0.12184E+03-0.61943E+02
 -1   39-0.17527E+02-0.87761E-04-0.66307E-04
 -1   40 0.17983E+02-0.43558E-04-0.58781E-04
 -1   41-0.13244E+02 0.12777E+03-0.82878E+02
 -1   42-0.24325E+02 0.67734E+02-0.48271E+02
 -1   43 0.14182E+01-0.10368E-03-0.79889E-04
 -1   44 0.19553E+02 0.55990E+02-0.38773E+02
 -1   45-0.83786E+02 0.13111E+03-0.93651E+02
 -1   46-0.72543E+02 0.18167E-02-0.39989E-03
 -1   47-0.43519E+02 0.89934E+02-0.57466E+02
 -1   48-0.43601E+02 0.90671E-03-0.16791E-03
 -1   49-0.55567E+02 0.14686E+03-0.82607E+02
 -1   50-0.70413E+02 0.56404E+02-0.52317E+02
 -1   51-0.43070E+02 0.82254E-03-0.20116E-03
 -1   52-0.41821E+02-0.14644E+03 0.87366E+02
 -1   53-0.82617E+00-0.11615E+03 0.66919E+02
 -1   54-0.21931E+02-0.11060E+03 0.67446E+02
 -1   55 0.73204E+01-0.10109E+03 0.63020E+02
 -1   56-0.30718E+02-0.74580E+02 0.38444E+02
 -1   57-0.20888E+02-0.13297E+03 0.78278E+02
 -1   58 0.10590E+02-0.59921E+02 0.33086E+02
 -1   59-0.26628E+02-0.10845E+03 0.80566E+02
 -1   60 0.27712E+01-0.10984E+03 0.67814E+02
 -1   61-0.20959E+02-0.55120E+02 0.34136E+02
 -1   62-0.77578E+01-0.10849E+03 0.66445E+02
 -1   63 0.14344E+02-0.51513E+02 0.32173E+02
 -1   64-0.93220E+02-0.15183E+03 0.76480E+02
 -1   65 0.00000E+00 0.00000E+00 0.00000E+00
 -1   66-0.75395E+02-0.74715E+02 0.27106E+02
 -1   67-0.60719E+02-0.14527E+03 0.91563E+02
 -1   68-0.47724E+02-0.98067E+02 0.55919E+02
 -1   69 0.00000E+00 0.00000E+00 0.00000E+00
 -1   70-0.31842E+02-0.77167E+02 0.51243E+02
 -1   71-0.35395E+02-0.14250E+03 0.89249E+02
 -1   72 0.75993E+01-0.11105E+03 0.73696E+02
 -1   73-0.24709E+02-0.12184E+03 0.61943E+02
 -1   74 0.70174E+01-0.10933E+03 0.68253E+02
 -1   75-0.24325E+02-0.67733E+02 0.48271E+02
 -1   76-0.13244E+02-0.12777E+03 0.82878E+02
 -1   77 0.19553E+02-0.55990E+02 0.38773E+02
 -1   78-0.83784E+02-0.13110E+03 0.93651E+02
 -1   79-0.43518E+02-0.89932E+02 0.57466E+02
 -1   80-0.70413E+02-0.56406E+02 0.52317E+02
 -1   81-0.55567E+02-0.14686E+03 0.82606E+02
 -1   82-0.12190E+03 0.18668E+03-0.15563E+03
 -1   83-0.13126E+03 0.18846E+03-0.15555E+03
 -1   84-0.10279E+03-0.92724E-04 0.25264E-04
 -1   85-0.89932E+02 0.33246E-04 0.13365E-03
 -1   86-0.44934E+02 0.14984E+03-0.10999E+03
 -1   87-0.73949E+02 0.16669E+03-0.11400E+03
 -1   88-0.54724E+02-0.15060E-03-0.85934E-04
 -1   89-0.23508E+02-0.18982E-04 0.22577E-04
 -1   90-0.12703E+03 0.18867E+03-0.15537E+03
 -1   91-0.10887E+03 0.82768E+02-0.80291E+02
 -1   92-0.98046E+02-0.27399E-04 0.70591E-04
 -1   93-0.99710E+02 0.83953E+02-0.79958E+02
 -1   94-0.14212E+03 0.19056E+03-0.13314E+03
 -1   95-0.11705E+03-0.16437E-02 0.50284E-03
 -1   96-0.11340E+03 0.15623E+03-0.12195E+03
 -1   97-0.92177E+02-0.26115E-03 0.28180E-03
 -1   98-0.13743E+03 0.18835E+03-0.15203E+03
 -1   99-0.10956E+03 0.83188E+02-0.67697E+02
 -1  100-0.11023E+03-0.27592E-03-0.15903E-03
 -1  101-0.36886E+03 0.30093E+03-0.19631E+03
 -1  102-0.26454E+03 0.26939E+03-0.17714E+03
 -1  103-0.24269E+03 0.12874E-03 0.14979E-03
 -1  104-0.34547E+03 0.10241E-03 0.16215E-03
 -1  105-0.23418E+03 0.23692E+03-0.17673E+03
 -1  106-0.19489E+03 0.22833E+03-0.16350E+03
 -1  107-0.16928E+03 0.21443E-04 0.77478E-04
 -1  108-0.20563E+03 0.84479E-04 0.17603E-03
 -1  109-0.31542E+03 0.28528E+03-0.18802E+03
 -1  110-0.24790E+03 0.12623E+03-0.85750E+02
 -1  111-0.29227E+03 0.12105E-03 0.16120E-03
 -1  112-0.35095E+03 0.14192E+03-0.93081E+02
 -1  113-0.17285E+03 0.24685E+03-0.16926E+03
 -1  114-0.15584E+03-0.11683E-04 0.47392E-03
 -1  115-0.16072E+03 0.21709E+03-0.16011E+03
 -1  116-0.13769E+03-0.84168E-03 0.18772E-03
 -1  117-0.21735E+03 0.25507E+03-0.16376E+03
 -1  118-0.15787E+03 0.11461E+03-0.83648E+02
 -1  119-0.19730E+03 0.24439E-04 0.35179E-03
 -1  120-0.13126E+03-0.18846E+03 0.15555E+03
 -1  121-0.12190E+03-0.18668E+03 0.15563E+03
 -1  122-0.73949E+02-0.16669E+03 0.11400E+03
 -1  123-0.44934E+02-0.14984E+03 0.10999E+03
 -1  124-0.10887E+03-0.82768E+02 0.80291E+02
 -1  125-0.12703E+03-0.18867E+03 0.15537E+03
 -1  126-0.99710E+02-0.83953E+02 0.79958E+02
 -1  127-0.14211E+03-0.19055E+03 0.13313E+03
 -1  128-0.11339E+03-0.15622E+03 0.12195E+03
 -1  129-0.10956E+03-0.83185E+02 0.67694E+02
 -1  130-0.13743E+03-0.18835E+03 0.15203E+03
 -1  131-0.26454E+03-0.26939E+03 0.17714E+03
 -1  132-0.36886E+03-0.30093E+03 0.19631E+03
 -1  133-0.19489E+03-0.22833E+03 0.16350E+03
 -1  134-0.23418E+03-0.23692E+03 0.17673E+03
 -1  135-0.24790E+03-0.12623E+03 0.85750E+02
 -1  136-0.31542E+03-0.28528E+03 0.18803E+03
 -1  137-0.35095E+03-0.14192E+03 0.93081E+02
 -1  138-0.17285E+03-0.24685E+03 0.16926E+03
 -1  139-0.16071E+03-0.21709E+03 0.16011E+03
 -1  140-0.15787E+03-0.11461E+03 0.83649E+02
 -1  141-0.21735E+03-0.25507E+03 0.16376E+03
 -1  142-0.36065E+03 0.31825E+03-0.18641E+03
 -1  143-0.27048E+03 0.29535E+03-0.17360E+03
 -1  144-0.25442E+03 0.87777E-04 0.13209E-03
 -1  145-0.34095E+03 0.11355E-03 0.16155E-03
 -1  146-0.36603E+03 0.31216E+03-0.19250E+03
 -1  147-0.27026E+03 0.28607E+03-0.17354E+03
 -1  148-0.25196E+03 0.98067E-04 0.14914E-03
 -1  149-0.34473E+03 0.10956E-03 0.15823E-03
 -1  150-0.31467E+03 0.30589E+03-0.17947E+03
 -1  151-0.25790E+03 0.14147E+03-0.83429E+02
 -1  152-0.29646E+03 0.10027E-03 0.14571E-03
 -1  153-0.34572E+03 0.15238E+03-0.89414E+02
 -1  154-0.18153E+03 0.27904E+03-0.16655E+03
 -1  155-0.17537E+03 0.45368E-04-0.61789E-04
 -1  156-0.18050E+03 0.26947E+03-0.17090E+03
 -1  157-0.17039E+03 0.35190E-04 0.20159E-03
 -1  158-0.22554E+03 0.28833E+03-0.16875E+03
 -1  159-0.18211E+03 0.13240E+03-0.79757E+02
 -1  160-0.21314E+03 0.74365E-04 0.36137E-04
 -1  161-0.34419E+03 0.30799E+03-0.15948E+03
 -1  162-0.25753E+03 0.28249E+03-0.14630E+03
 -1  163-0.23543E+03 0.13475E-03 0.15203E-03
 -1  164-0.32014E+03 0.15010E-03 0.15270E-03
 -1  165-0.35368E+03 0.31587E+03-0.17515E+03
 -1  166-0.26694E+03 0.28959E+03-0.16489E+03
 -1  167-0.24864E+03 0.10769E-03 0.14549E-03
 -1  168-0.33218E+03 0.13438E-03 0.15902E-03
 -1  169-0.30004E+03 0.29665E+03-0.15221E+03
 -1  170-0.24048E+03 0.13416E+03-0.67111E+02
 -1  171-0.27648E+03 0.14716E-03 0.15401E-03
 -1  172-0.32585E+03 0.14491E+03-0.74524E+02
 -1  173-0.17704E+03 0.27367E+03-0.13952E+03
 -1  174-0.16266E+03 0.65438E-04 0.15738E-03
 -1  175-0.18259E+03 0.28405E+03-0.15872E+03
 -1  176-0.17462E+03 0.63015E-04 0.49816E-04
 -1  177-0.21685E+03 0.26721E+03-0.14473E+03
 -1  178-0.16549E+03 0.13079E+03-0.62760E+02
 -1  179-0.19709E+03 0.98537E-04 0.15897E-03
 -1  180-0.27048E+03-0.29535E+03 0.17360E+03
 -1  181-0.36065E+03-0.31825E+03 0.18641E+03
 -1  182-0.27026E+03-0.28607E+03 0.17354E+03
 -1  183-0.36603E+03-0.31216E+03 0.19250E+03
 -1  184-0.25790E+03-0.14147E+03 0.83429E+02
 -1  185-0.31467E+03-0.30589E+03 0.17947E+03
 -1  186-0.34572E+03-0.15238E+03 0.89415E+02
 -1  187-0.18153E+03-0.27904E+03 0.16655E+03
 -1  188-0.18050E+03-0.26947E+03 0.17090E+03
 -1  189-0.18211E+03-0.13240E+03 0.79757E+02
 -1  190-0.22554E+03-0.28833E+03 0.16875E+03
 -1  191-0.25753E+03-0.28249E+03 0.14630E+03
 -1  192-0.34419E+03-0.30799E+03 0.15948E+03
 -1  193-0.26694E+03-0.28959E+03 0.16489E+03
 -1  194-0.35368E+03-0.31587E+03 0.17515E+03
 -1  195-0.24048E+03-0.13416E+03 0.67111E+02
 -1  196-0.30004E+03-0.29664E+03 0.15221E+03
 -1  197-0.32585E+03-0.14491E+03 0.74524E+02
 -1  198-0.17704E+03-0.27367E+03 0.13953E+03
 -1  199-0.18259E+03-0.28405E+03 0.15872E+03
 -1  200-0.16549E+03-0.13079E+03 0.62760E+02
 -1  201-0.21685E+03-0.26721E+03 0.14473E+03
 -1  202-0.11959E+03 0.22211E+03-0.88711E+02
 -1  203-0.13373E+03 0.22515E+03-0.91083E+02
 -1  204-0.10539E+03 0.10260E-03 0.53037E-04
 -1  205-0.88239E+02 0.12254E-03 0.17854E-04
 -1  206-0.22175E+03 0.26327E+03-0.11450E+03
 -1  207-0.19376E+03 0.25119E+03-0.11780E+03
 -1  208-0.16772E+03 0.12519E-03 0.11253E-03
 -1  209-0.19254E+03 0.15600E-03 0.10528E-03
 -1  210-0.12692E+03 0.22379E+03-0.90669E+02
 -1  211-0.11105E+03 0.10850E+03-0.34048E+02
 -1  212-0.98425E+02 0.11056E-03 0.35354E-04
 -1  213-0.97675E+02 0.10831E+03-0.34996E+02
 -1  214-0.15142E+03 0.22000E+03-0.10875E+03
 -1  215-0.12647E+03 0.77817E-04 0.63619E-04
 -1  216-0.16772E+03 0.25335E+03-0.12071E+03
 -1  217-0.14681E+03 0.75899E-04 0.11618E-03
 -1  218-0.14306E+03 0.22401E+03-0.92531E+02
 -1  219-0.11859E+03 0.10420E+03-0.43492E+02
 -1  220-0.11549E+03 0.96063E-04 0.55588E-04
 -1  221-0.50065E+02 0.16565E+03-0.82518E+02
 -1  222-0.78495E+02 0.18017E+03-0.92883E+02
 -1  223-0.59127E+02 0.62872E-04-0.23889E-04
 -1  224-0.28838E+02 0.88492E-04-0.47693E-04
 -1  225-0.12407E+03 0.19206E+03-0.84379E+02
 -1  226-0.10036E+03 0.68948E-04 0.35783E-04
 -1  227-0.13373E+03-0.22515E+03 0.91083E+02
 -1  228-0.11959E+03-0.22211E+03 0.88711E+02
 -1  229-0.19376E+03-0.25119E+03 0.11781E+03
 -1  230-0.22175E+03-0.26327E+03 0.11450E+03
 -1  231-0.11105E+03-0.10850E+03 0.34048E+02
 -1  232-0.12692E+03-0.22379E+03 0.90669E+02
 -1  233-0.97675E+02-0.10831E+03 0.34996E+02
 -1  234-0.15142E+03-0.22000E+03 0.10875E+03
 -1  235-0.16772E+03-0.25335E+03 0.12071E+03
 -1  236-0.11859E+03-0.10420E+03 0.43492E+02
 -1  237-0.14306E+03-0.22401E+03 0.92531E+02
 -1  238-0.78495E+02-0.18017E+03 0.92883E+02
 -1  239-0.50065E+02-0.16565E+03 0.82518E+02
 -1  240-0.12407E+03-0.19206E+03 0.84379E+02
 -1  241-0.80651E+03 0.42327E+03-0.23111E+03
 -1  242-0.78852E+03 0.11480E-03 0.14223E-03
 -1  243-0.82251E+03 0.42432E+03-0.24778E+03
 -1  244-0.80523E+03 0.13258E-03 0.13460E-03
 -1  245-0.56032E+03 0.37190E+03-0.19865E+03
 -1  246-0.79341E+03 0.20408E+03-0.11161E+03
 -1  247-0.53864E+03 0.13019E-03 0.15880E-03
 -1  248-0.81528E+03 0.42477E+03-0.23992E+03
 -1  249-0.79784E+03 0.12308E-03 0.13884E-03
 -1  250-0.57632E+03 0.37193E+03-0.21740E+03
 -1  251-0.80948E+03 0.20484E+03-0.11969E+03
 -1  252-0.55620E+03 0.13540E-03 0.14973E-03
 -1  253-0.13796E+04 0.50451E+03-0.28550E+03
 -1  254-0.13665E+04 0.56333E-04 0.80885E-04
 -1  255-0.13910E+04 0.50472E+03-0.29431E+03
 -1  256-0.13785E+04 0.90392E-04 0.61539E-04
 -1  257-0.10817E+04 0.46768E+03-0.26072E+03
 -1  258-0.13700E+04 0.24479E+03-0.13863E+03
 -1  259-0.10660E+04 0.91366E-04 0.12023E-03
 -1  260-0.13856E+04 0.50541E+03-0.29037E+03
 -1  261-0.13730E+04 0.73258E-04 0.71716E-04
 -1  262-0.10954E+04 0.46806E+03-0.27303E+03
 -1  263-0.13819E+04 0.24522E+03-0.14306E+03
 -1  264-0.10806E+04 0.11787E-03 0.10587E-03
 -1  265-0.20238E+04 0.55528E+03-0.32027E+03
 -1  266-0.20155E+04-0.41010E-04-0.59404E-04
 -1  267-0.20302E+04 0.55535E+03-0.32385E+03
 -1  268-0.20223E+04 0.32174E-05-0.86686E-04
 -1  269-0.16953E+04 0.53349E+03-0.30534E+03
 -1  270-0.20181E+04 0.27143E+03-0.15664E+03
 -1  271-0.16846E+04 0.11804E-04 0.22760E-04
 -1  272-0.20271E+04 0.55560E+03-0.32221E+03
 -1  273-0.20192E+04-0.18956E-04-0.72763E-04
 -1  274-0.17042E+04 0.53360E+03-0.31112E+03
 -1  275-0.20247E+04 0.27158E+03-0.15842E+03
 -1  276-0.16941E+04 0.51619E-04-0.21970E-05
 -1  277-0.27003E+04 0.57805E+03-0.33670E+03
 -1  278-0.26961E+04-0.16524E-03-0.29440E-03
 -1  279-0.27012E+04 0.57809E+03-0.33741E+03
 -1  280-0.26972E+04-0.12586E-03-0.31704E-03
 -1  281-0.23604E+04 0.56968E+03-0.33052E+03
 -1  282-0.26977E+04 0.28504E+03-0.16606E+03
 -1  283-0.23542E+04-0.10015E-03-0.16626E-03
 -1  284-0.27008E+04 0.57813E+03-0.33709E+03
 -1  285-0.26967E+04-0.14543E-03-0.30573E-03
 -1  286-0.23640E+04 0.56975E+03-0.33234E+03
 -1  287-0.26987E+04 0.28510E+03-0.16645E+03
 -1  288-0.23582E+04-0.56699E-04-0.19353E-03
 -1  289-0.33735E+04 0.58083E+03-0.33963E+03
 -1  290-0.33705E+04-0.31099E-03-0.59600E-03
 -1  291-0.33693E+04 0.58088E+03-0.33960E+03
 -1  292-0.33663E+04-0.28918E-03-0.60531E-03
 -1  293-0.30391E+04 0.58112E+03-0.33935E+03
 -1  294-0.33722E+04 0.28923E+03-0.16922E+03
 -1  295-0.30364E+04-0.23581E-03-0.43837E-03
 -1  296-0.33714E+04 0.58084E+03-0.33961E+03
 -1  297-0.33684E+04-0.30006E-03-0.60066E-03
 -1  298-0.30373E+04 0.58117E+03-0.33950E+03
 -1  299-0.33680E+04 0.28928E+03-0.16917E+03
 -1  300-0.30348E+04-0.20406E-03-0.45610E-03
 -1  301-0.83104E+03 0.41482E+03-0.25799E+03
 -1  302-0.81335E+03 0.14344E-03 0.11884E-03
 -1  303-0.82754E+03 0.42059E+03-0.25358E+03
 -1  304-0.81029E+03 0.13856E-03 0.12683E-03
 -1  305-0.58534E+03 0.36267E+03-0.23095E+03
 -1  306-0.81817E+03 0.20015E+03-0.12449E+03
 -1  307-0.56419E+03 0.13984E-03 0.14873E-03
 -1  308-0.13994E+04 0.49969E+03-0.29992E+03
 -1  309-0.13865E+04 0.12481E-03 0.38117E-04
 -1  310-0.13955E+04 0.50294E+03-0.29758E+03
 -1  311-0.13830E+04 0.10776E-03 0.50268E-04
 -1  312-0.11045E+04 0.46115E+03-0.28092E+03
 -1  313-0.13899E+04 0.24260E+03-0.14564E+03
 -1  314-0.10890E+04 0.14224E-03 0.88052E-04
 -1  315-0.20354E+04 0.55313E+03-0.32602E+03
 -1  316-0.20271E+04 0.45971E-04-0.11611E-03
 -1  317-0.20329E+04 0.55451E+03-0.32511E+03
 -1  318-0.20250E+04 0.24745E-04-0.10130E-03
 -1  319-0.17113E+04 0.53017E+03-0.31481E+03
 -1  320-0.20297E+04 0.27047E+03-0.15945E+03
 -1  321-0.17007E+04 0.92267E-04-0.28969E-04
 -1  322-0.27019E+04 0.57763E+03-0.33782E+03
 -1  323-0.26976E+04-0.87470E-04-0.34111E-03
 -1  324-0.27015E+04 0.57792E+03-0.33765E+03
 -1  325-0.26975E+04-0.10668E-03-0.32898E-03
 -1  326-0.23671E+04 0.56856E+03-0.33343E+03
 -1  327-0.26993E+04 0.28484E+03-0.16665E+03
 -1  328-0.23609E+04-0.14016E-04-0.22063E-03
 -1  329-0.33651E+04 0.58096E+03-0.33956E+03
 -1  330-0.33621E+04-0.26817E-03-0.61571E-03
 -1  331-0.33672E+04 0.58091E+03-0.33957E+03
 -1  332-0.33642E+04-0.27869E-03-0.61049E-03
 -1  333-0.30356E+04 0.58110E+03-0.33958E+03
 -1  334-0.33638E+04 0.28931E+03-0.16911E+03
 -1  335-0.30329E+04-0.17245E-03-0.47372E-03
 -1  336-0.80651E+03-0.42327E+03 0.23111E+03
 -1  337-0.82251E+03-0.42432E+03 0.24778E+03
 -1  338-0.79341E+03-0.20408E+03 0.11161E+03
 -1  339-0.56032E+03-0.37189E+03 0.19865E+03
 -1  340-0.81528E+03-0.42477E+03 0.23992E+03
 -1  341-0.80948E+03-0.20484E+03 0.11969E+03
 -1  342-0.57632E+03-0.37193E+03 0.21740E+03
 -1  343-0.13796E+04-0.50451E+03 0.28550E+03
 -1  344-0.13910E+04-0.50472E+03 0.29431E+03
 -1  345-0.13700E+04-0.24479E+03 0.13863E+03
 -1  346-0.10817E+04-0.46768E+03 0.26072E+03
 -1  347-0.13856E+04-0.50541E+03 0.29037E+03
 -1  348-0.13819E+04-0.24522E+03 0.14306E+03
 -1  349-0.10954E+04-0.46806E+03 0.27303E+03
 -1  350-0.20238E+04-0.55528E+03 0.32027E+03
 -1  351-0.20302E+04-0.55535E+03 0.32385E+03
 -1  352-0.20181E+04-0.27143E+03 0.15664E+03
 -1  353-0.16953E+04-0.53349E+03 0.30534E+03
 -1  354-0.20271E+04-0.55560E+03 0.32221E+03
 -1  355-0.20247E+04-0.27158E+03 0.15842E+03
 -1  356-0.17042E+04-0.53360E+03 0.31112E+03
 -1  357-0.27003E+04-0.57805E+03 0.33670E+03
 -1  358-0.27012E+04-0.57809E+03 0.33741E+03
 -1  359-0.26977E+04-0.28504E+03 0.16606E+03
 -1  360-0.23604E+04-0.56968E+03 0.33052E+03
 -1  361-0.27008E+04-0.57813E+03 0.33709E+03
 -1  362-0.26987E+04-0.28510E+03 0.16645E+03
 -1  363-0.23640E+04-0.56975E+03 0.33234E+03
 -1  364-0.33735E+04-0.58083E+03 0.33963E+03
 -1  365-0.33693E+04-0.58088E+03 0.33959E+03
 -1  366-0.33722E+04-0.28923E+03 0.16922E+03
 -1  367-0.30391E+04-0.58112E+03 0.33935E+03
 -1  368-0.33714E+04-0.58084E+03 0.33960E+03
 -1  369-0.33680E+04-0.28928E+03 0.16917E+03
 -1  370-0.30373E+04-0.58117E+03 0.33950E+03
 -1  371-0.83104E+03-0.41482E+03 0.25799E+03
 -1  372-0.82754E+03-0.42059E+03 0.25358E+03
 -1  373-0.81817E+03-0.20015E+03 0.12449E+03
 -1  374-0.58534E+03-0.36267E+03 0.23095E+03
 -1  375-0.13994E+04-0.49969E+03 0.29992E+03
 -1  376-0.13955E+04-0.50293E+03 0.29758E+03
 -1  377-0.13899E+04-0.24260E+03 0.14564E+03
 -1  378-0.11045E+04-0.46115E+03 0.28092E+03
 -1  379-0.20354E+04-0.55313E+03 0.32602E+03
 -1  380-0.20329E+04-0.55451E+03 0.32511E+03
 -1  381-0.20297E+04-0.27047E+03 0.15944E+03
 -1  382-0.17113E+04-0.53017E+03 0.31481E+03
 -1  383-0.27019E+04-0.57763E+03 0.33781E+03
 -1  384-0.27015E+04-0.57792E+03 0.33765E+03
 -1  385-0.26993E+04-0.28484E+03 0.16665E+03
 -1  386-0.23671E+04-0.56856E+03 0.33343E+03
 -1  387-0.33651E+04-0.58096E+03 0.33956E+03
 -1  388-0.33672E+04-0.58091E+03 0.33957E+03
 -1  389-0.33638E+04-0.28931E+03 0.16910E+03
 -1  390-0.30356E+04-0.58110E+03 0.33958E+03
 -1  391 0.11120E+03 0.34256E+02-0.36949E+02
 -1  392 0.11829E+03-0.15736E-03-0.10960E-03
 -1  393 0.11279E+03 0.30147E+02-0.22567E+02
 -1  394 0.11899E+03-0.12618E-03-0.14462E-03
 -1  395 0.73359E+02 0.62506E+02-0.53836E+02
 -1  396 0.11636E+03 0.18492E+02-0.19064E+02
 -1  397 0.83151E+02-0.96476E-04-0.49514E-04
 -1  398 0.11125E+03 0.32492E+02-0.30229E+02
 -1  399 0.11827E+03-0.96199E-04-0.16750E-03
 -1  400 0.74781E+02 0.67099E+02-0.43769E+02
 -1  401 0.11764E+03 0.16666E+02-0.12138E+02
 -1  402 0.84749E+02-0.20174E-04-0.15526E-03
 -1  403 0.12749E+03-0.80194E+01-0.96108E+01
 -1  404 0.13175E+03-0.11654E-03-0.23986E-03
 -1  405 0.11212E+03-0.14042E+02 0.22242E+01
 -1  406 0.11584E+03-0.12757E-03-0.25920E-03
 -1  407 0.12749E+03 0.99619E+01-0.21830E+02
 -1  408 0.13075E+03-0.26141E+01-0.57297E+01
 -1  409 0.13333E+03-0.17682E-03-0.17086E-03
 -1  410 0.11996E+03-0.10997E+02-0.30545E+01
 -1  411 0.12384E+03-0.12234E-03-0.25040E-03
 -1  412 0.12198E+03 0.43708E+01-0.79747E+01
 -1  413 0.11494E+03-0.56480E+01 0.30727E+00
 -1  414 0.12693E+03-0.98287E-04-0.25717E-03
 -1  415 0.95701E+02-0.28835E+02 0.60929E+01
 -1  416 0.96458E+02-0.65042E-04-0.23909E-03
 -1  417 0.60176E+02-0.30287E+02 0.11320E+02
 -1  418 0.61268E+02-0.86152E-04-0.15320E-03
 -1  419 0.11570E+03-0.20589E+02-0.16607E+00
 -1  420 0.96576E+02-0.12933E+02 0.20334E+01
 -1  421 0.11828E+03-0.68952E-04-0.24739E-03
 -1  422 0.77721E+02-0.28729E+02 0.90993E+01
 -1  423 0.79105E+02-0.71352E-04-0.20599E-03
 -1  424 0.90227E+02-0.26444E+02 0.83937E+01
 -1  425 0.60398E+02-0.13048E+02 0.44873E+01
 -1  426 0.91542E+02-0.12258E-03-0.19994E-03
 -1  427 0.45383E+02-0.28539E+02 0.10415E+02
 -1  428 0.44496E+02 0.45664E-04-0.15599E-03
 -1  429 0.00000E+00 0.00000E+00 0.00000E+00
 -1  430 0.00000E+00 0.00000E+00 0.00000E+00
 -1  431 0.70145E+02-0.28054E+02 0.85935E+01
 -1  432 0.44415E+02-0.11857E+02 0.45234E+01
 -1  433 0.70996E+02-0.11892E-04-0.21011E-03
 -1  434 0.22897E+02-0.22985E+02 0.11710E+02
 -1  435 0.21902E+02 0.22143E-04-0.77954E-04
 -1  436 0.29739E+02-0.23274E+02 0.71233E+01
 -1  437 0.00000E+00 0.00000E+00 0.00000E+00
 -1  438 0.27630E+02-0.44851E-04-0.79324E-04
 -1  439 0.73727E+01-0.29456E+02 0.96622E+01
 -1  440 0.66622E+01 0.13463E-03-0.39248E-04
 -1  441-0.22631E+02-0.16982E+02 0.55161E+01
 -1  442-0.23658E+02 0.88473E-04 0.15434E-03
 -1  443 0.21057E+02-0.23246E+02 0.13274E+02
 -1  444 0.68344E+01-0.15792E+02 0.52081E+01
 -1  445 0.21034E+02 0.92208E-04-0.97103E-04
 -1  446-0.83982E+01-0.17986E+02-0.10155E+00
 -1  447-0.95263E+01 0.11030E-03 0.58544E-04
 -1  448-0.10989E+02-0.15385E+02-0.76502E+00
 -1  449-0.23216E+02-0.81863E+01 0.30310E+01
 -1  450-0.10618E+02 0.42891E-04 0.77279E-04
 -1  451 0.11805E+03 0.25599E+02-0.91017E+01
 -1  452 0.12342E+03-0.12211E-03-0.12978E-03
 -1  453 0.11475E+03 0.28270E+02-0.15215E+02
 -1  454 0.12083E+03-0.72308E-04-0.17969E-03
 -1  455 0.82288E+02 0.61989E+02-0.28497E+02
 -1  456 0.12202E+03 0.14017E+02-0.55063E+01
 -1  457 0.91183E+02-0.47063E-04-0.15258E-03
 -1  458 0.95151E+02-0.20849E+02 0.86978E+01
 -1  459 0.96794E+02-0.23427E-03-0.17468E-03
 -1  460 0.10452E+03-0.18327E+02 0.63643E+01
 -1  461 0.10712E+03-0.12970E-03-0.24781E-03
 -1  462 0.11773E+03-0.27997E+01 0.31148E+01
 -1  463 0.96610E+02-0.83600E+01 0.35327E+01
 -1  464 0.12212E+03-0.15411E-03-0.18196E-03
 -1  465 0.27490E+02-0.30396E+02 0.91237E+01
 -1  466 0.25431E+02-0.13527E-03-0.20707E-04
 -1  467 0.42733E+02-0.28645E+02 0.95513E+01
 -1  468 0.42575E+02-0.11731E-03-0.81217E-04
 -1  469 0.61109E+02-0.28921E+02 0.10736E+02
 -1  470 0.26123E+02-0.14166E+02 0.36147E+01
 -1  471 0.61748E+02-0.21896E-03-0.91122E-04
 -1  472-0.18145E+02-0.20125E+02 0.51538E+01
 -1  473-0.18182E+02-0.61730E-04 0.16118E-03
 -1  474-0.88162E+01-0.16668E+02 0.47965E+01
 -1  475-0.89481E+01-0.28305E-04 0.78133E-04
 -1  476-0.18910E+01-0.20703E+02 0.58667E+01
 -1  477-0.18458E+02-0.10010E+02 0.22357E+01
 -1  478-0.24901E+01-0.94565E-04 0.63831E-04
 -1  479-0.52351E+02-0.21822E+02 0.12954E+00
 -1  480-0.51861E+02 0.34358E-04 0.34127E-03
 -1  481-0.37601E+02-0.17046E+02 0.62231E+01
 -1  482-0.37272E+02 0.60867E-04 0.25048E-03
 -1  483-0.34809E+02-0.15713E+02 0.62068E+01
 -1  484-0.51918E+02-0.10956E+02-0.21096E-01
 -1  485-0.35084E+02-0.11494E-04 0.25577E-03
 -1  486 0.11120E+03-0.34256E+02 0.36949E+02
 -1  487 0.11279E+03-0.30146E+02 0.22566E+02
 -1  488 0.11636E+03-0.18492E+02 0.19064E+02
 -1  489 0.73358E+02-0.62507E+02 0.53835E+02
 -1  490 0.11125E+03-0.32493E+02 0.30229E+02
 -1  491 0.11764E+03-0.16666E+02 0.12138E+02
 -1  492 0.74781E+02-0.67100E+02 0.43769E+02
 -1  493 0.12749E+03 0.80191E+01 0.96103E+01
 -1  494 0.11212E+03 0.14041E+02-0.22246E+01
 -1  495 0.13075E+03 0.26139E+01 0.57293E+01
 -1  496 0.12749E+03-0.99621E+01 0.21830E+02
 -1  497 0.11996E+03 0.10997E+02 0.30540E+01
 -1  498 0.11494E+03 0.56478E+01-0.30780E+00
 -1  499 0.12198E+03-0.43710E+01 0.79742E+01
 -1  500 0.95701E+02 0.28834E+02-0.60934E+01
 -1  501 0.60176E+02 0.30287E+02-0.11320E+02
 -1  502 0.96576E+02 0.12932E+02-0.20339E+01
 -1  503 0.11570E+03 0.20588E+02 0.16553E+00
 -1  504 0.77721E+02 0.28729E+02-0.90997E+01
 -1  505 0.60398E+02 0.13048E+02-0.44876E+01
 -1  506 0.90227E+02 0.26444E+02-0.83942E+01
 -1  507 0.45383E+02 0.28539E+02-0.10416E+02
 -1  508 0.00000E+00 0.00000E+00 0.00000E+00
 -1  509 0.44415E+02 0.11857E+02-0.45237E+01
 -1  510 0.70145E+02 0.28054E+02-0.85939E+01
 -1  511 0.22897E+02 0.22985E+02-0.11710E+02
 -1  512 0.00000E+00 0.00000E+00 0.00000E+00
 -1  513 0.29739E+02 0.23274E+02-0.71234E+01
 -1  514 0.73727E+01 0.29457E+02-0.96622E+01
 -1  515-0.22631E+02 0.16982E+02-0.55158E+01
 -1  516 0.68344E+01 0.15793E+02-0.52082E+01
 -1  517 0.21057E+02 0.23246E+02-0.13274E+02
 -1  518-0.83982E+01 0.17986E+02 0.10166E+00
 -1  519-0.23216E+02 0.81865E+01-0.30307E+01
 -1  520-0.10989E+02 0.15386E+02 0.76517E+00
 -1  521 0.11805E+03-0.25599E+02 0.91011E+01
 -1  522 0.11475E+03-0.28270E+02 0.15214E+02
 -1  523 0.12202E+03-0.14017E+02 0.55058E+01
 -1  524 0.82288E+02-0.61989E+02 0.28497E+02
 -1  525 0.95150E+02 0.20850E+02-0.86984E+01
 -1  526 0.10452E+03 0.18327E+02-0.63648E+01
 -1  527 0.96609E+02 0.83599E+01-0.35332E+01
 -1  528 0.11773E+03 0.27996E+01-0.31154E+01
 -1  529 0.27490E+02 0.30396E+02-0.91237E+01
 -1  530 0.42733E+02 0.28645E+02-0.95515E+01
 -1  531 0.26123E+02 0.14166E+02-0.36148E+01
 -1  532 0.61109E+02 0.28921E+02-0.10737E+02
 -1  533-0.18145E+02 0.20125E+02-0.51535E+01
 -1  534-0.88162E+01 0.16668E+02-0.47963E+01
 -1  535-0.18458E+02 0.10010E+02-0.22354E+01
 -1  536-0.18910E+01 0.20703E+02-0.58666E+01
 -1  537-0.52351E+02 0.21822E+02-0.12885E+00
 -1  538-0.37601E+02 0.17046E+02-0.62226E+01
 -1  539-0.51918E+02 0.10957E+02 0.21781E-01
 -1  540-0.34809E+02 0.15712E+02-0.62062E+01
 -3
 9999
