This is pdfTeX, Version 3.1415926-2.5-1.40.14 (TeX Live 2013/TeX Live for SUSE Linux) (format=latex 2015.7.31)  7 OCT 2017 12:10
entering extended mode
 restricted \write18 enabled.
 %&-line parsing enabled.
**./images.tex
(./images.tex
LaTeX2e <2011/06/27>
Babel <3.9f> and hyphenation patterns for 78 languages loaded.

(/usr/share/texmf/tex/latex/base/article.cls
Document Class: article 2007/10/19 v1.4h Standard LaTeX document class
(/usr/share/texmf/tex/latex/base/size10.clo
File: size10.clo 2007/10/19 v1.4h Standard LaTeX file (size option)
)
\c@part=\count79
\c@section=\count80
\c@subsection=\count81
\c@subsubsection=\count82
\c@paragraph=\count83
\c@subparagraph=\count84
\c@figure=\count85
\c@table=\count86
\abovecaptionskip=\skip41
\belowcaptionskip=\skip42
\bibindent=\dimen102
) (/usr/share/texmf/tex/latex/base/ifthen.sty
Package: ifthen 2001/05/26 v1.1c Standard LaTeX ifthen package (DPC)
) (/usr/share/texmf/tex/latex/graphics/epsfig.sty
Package: epsfig 1999/02/16 v1.7a (e)psfig emulation (SPQR)
(/usr/share/texmf/tex/latex/graphics/graphicx.sty
Package: graphicx 1999/02/16 v1.0f Enhanced LaTeX Graphics (DPC,SPQR)
(/usr/share/texmf/tex/latex/graphics/keyval.sty
Package: keyval 1999/03/16 v1.13 key=value parser (DPC)
\KV@toks@=\toks14
) (/usr/share/texmf/tex/latex/graphics/graphics.sty
Package: graphics 2009/02/05 v1.0o Standard LaTeX Graphics (DPC,SPQR)
(/usr/share/texmf/tex/latex/graphics/trig.sty
Package: trig 1999/03/16 v1.09 sin cos tan (DPC)
) (/usr/share/texmf/tex/latex/latexconfig/graphics.cfg
File: graphics.cfg 2010/04/23 v1.9 graphics configuration of TeX Live
)
Package graphics Info: Driver file: dvips.def on input line 91.
(/usr/share/texmf/tex/latex/graphics/dvips.def
File: dvips.def 1999/02/16 v3.0i Driver-dependant file (DPC,SPQR)
))
\Gin@req@height=\dimen103
\Gin@req@width=\dimen104
)
\epsfxsize=\dimen105
\epsfysize=\dimen106
) (/usr/share/texmf/tex/latex/html/html.sty (/usr/share/texmf/tex/latex/hyperre
f/hyperref.sty
Package: hyperref 2012/11/06 v6.83m Hypertext links for LaTeX
(/usr/share/texmf/tex/generic/oberdiek/hobsub-hyperref.sty
Package: hobsub-hyperref 2012/05/28 v1.13 Bundle oberdiek, subset hyperref (HO)

(/usr/share/texmf/tex/generic/oberdiek/hobsub-generic.sty
Package: hobsub-generic 2012/05/28 v1.13 Bundle oberdiek, subset generic (HO)
Package: hobsub 2012/05/28 v1.13 Construct package bundles (HO)
Package: infwarerr 2010/04/08 v1.3 Providing info/warning/error messages (HO)
Package: ltxcmds 2011/11/09 v1.22 LaTeX kernel commands for general use (HO)
Package: ifluatex 2010/03/01 v1.3 Provides the ifluatex switch (HO)
Package ifluatex Info: LuaTeX not detected.
Package: ifvtex 2010/03/01 v1.5 Detect VTeX and its facilities (HO)
Package ifvtex Info: VTeX not detected.
Package: intcalc 2007/09/27 v1.1 Expandable calculations with integers (HO)
Package: ifpdf 2011/01/30 v2.3 Provides the ifpdf switch (HO)
Package ifpdf Info: pdfTeX in PDF mode is not detected.
Package: etexcmds 2011/02/16 v1.5 Avoid name clashes with e-TeX commands (HO)
Package etexcmds Info: Could not find \expanded.
(etexcmds)             That can mean that you are not using pdfTeX 1.50 or
(etexcmds)             that some package has redefined \expanded.
(etexcmds)             In the latter case, load this package earlier.
Package: kvsetkeys 2012/04/25 v1.16 Key value parser (HO)
Package: kvdefinekeys 2011/04/07 v1.3 Define keys (HO)
Package: pdftexcmds 2011/11/29 v0.20 Utility functions of pdfTeX for LuaTeX (HO
)
Package pdftexcmds Info: LuaTeX not detected.
Package pdftexcmds Info: \pdf@primitive is available.
Package pdftexcmds Info: \pdf@ifprimitive is available.
Package pdftexcmds Info: \pdfdraftmode is ignored in DVI mode.
Package: pdfescape 2011/11/25 v1.13 Implements pdfTeX's escape features (HO)
Package: bigintcalc 2012/04/08 v1.3 Expandable calculations on big integers (HO
)
Package: bitset 2011/01/30 v1.1 Handle bit-vector datatype (HO)
Package: uniquecounter 2011/01/30 v1.2 Provide unlimited unique counter (HO)
)
Package hobsub Info: Skipping package `hobsub' (already loaded).
Package: letltxmacro 2010/09/02 v1.4 Let assignment for LaTeX macros (HO)
Package: hopatch 2012/05/28 v1.2 Wrapper for package hooks (HO)
Package: xcolor-patch 2011/01/30 xcolor patch
Package: atveryend 2011/06/30 v1.8 Hooks at the very end of document (HO)
Package atveryend Info: \enddocument detected (standard20110627).
Package: atbegshi 2011/10/05 v1.16 At begin shipout hook (HO)
Package: refcount 2011/10/16 v3.4 Data extraction from label references (HO)
Package: hycolor 2011/01/30 v1.7 Color options for hyperref/bookmark (HO)
) (/usr/share/texmf/tex/generic/ifxetex/ifxetex.sty
Package: ifxetex 2010/09/12 v0.6 Provides ifxetex conditional
) (/usr/share/texmf/tex/latex/oberdiek/auxhook.sty
Package: auxhook 2011/03/04 v1.3 Hooks for auxiliary files (HO)
) (/usr/share/texmf/tex/latex/oberdiek/kvoptions.sty
Package: kvoptions 2011/06/30 v3.11 Key value format for package options (HO)
)
\@linkdim=\dimen107
\Hy@linkcounter=\count87
\Hy@pagecounter=\count88
(/usr/share/texmf/tex/latex/hyperref/pd1enc.def
File: pd1enc.def 2012/11/06 v6.83m Hyperref: PDFDocEncoding definition (HO)
)
\Hy@SavedSpaceFactor=\count89
(/usr/share/texmf/tex/latex/latexconfig/hyperref.cfg
File: hyperref.cfg 2002/06/06 v1.2 hyperref configuration of TeXLive
)
Package hyperref Info: Hyper figures OFF on input line 4443.
Package hyperref Info: Link nesting OFF on input line 4448.
Package hyperref Info: Hyper index ON on input line 4451.
Package hyperref Info: Plain pages OFF on input line 4458.
Package hyperref Info: Backreferencing OFF on input line 4463.
Package hyperref Info: Implicit mode ON; LaTeX internals redefined.
Package hyperref Info: Bookmarks ON on input line 4688.
\c@Hy@tempcnt=\count90
(/usr/share/texmf/tex/latex/url/url.sty
\Urlmuskip=\muskip10
Package: url 2006/04/12  ver 3.3  Verb mode for urls, etc.
)
LaTeX Info: Redefining \url on input line 5041.
\XeTeXLinkMargin=\dimen108
\Fld@menulength=\count91
\Field@Width=\dimen109
\Fld@charsize=\dimen110
Package hyperref Info: Hyper figures OFF on input line 6295.
Package hyperref Info: Link nesting OFF on input line 6300.
Package hyperref Info: Hyper index ON on input line 6303.
Package hyperref Info: backreferencing OFF on input line 6310.
Package hyperref Info: Link coloring OFF on input line 6315.
Package hyperref Info: Link coloring with OCG OFF on input line 6320.
Package hyperref Info: PDF/A mode OFF on input line 6325.
LaTeX Info: Redefining \ref on input line 6365.
LaTeX Info: Redefining \pageref on input line 6369.
\Hy@abspage=\count92
\c@Item=\count93
\c@Hfootnote=\count94
)

Package hyperref Message: Driver (default): hdvips.

(/usr/share/texmf/tex/latex/hyperref/hdvips.def
File: hdvips.def 2012/11/06 v6.83m Hyperref driver for dvips
(/usr/share/texmf/tex/latex/hyperref/pdfmark.def
File: pdfmark.def 2012/11/06 v6.83m Hyperref definitions for pdfmark specials
\pdf@docset=\toks15
\pdf@box=\box26
\pdf@toks=\toks16
\pdf@defaulttoks=\toks17
\HyField@AnnotCount=\count95
\Fld@listcount=\count96
\c@bookmark@seq@number=\count97
(/usr/share/texmf/tex/latex/oberdiek/rerunfilecheck.sty
Package: rerunfilecheck 2011/04/15 v1.7 Rerun checks for auxiliary files (HO)
Package uniquecounter Info: New unique counter `rerunfilecheck' on input line 2
82.
)
\Hy@SectionHShift=\skip43
))
Package: html 1999/07/19 v1.38 hypertext commands for latex2html (nd, hws, rrm)

\c@lpart=\count98
\c@lchapter=\count99
\c@chapter=\count100
\c@lsection=\count101
\c@lsubsection=\count102
\c@lsubsubsection=\count103
\c@lparagraph=\count104
\c@lsubparagraph=\count105
\c@lsubsubparagraph=\count106
\ptrfile=\write3
) (/usr/share/texmf/tex/latex/graphics/color.sty
Package: color 2005/11/14 v1.0j Standard LaTeX Color (DPC)
(/usr/share/texmf/tex/latex/latexconfig/color.cfg
File: color.cfg 2007/01/18 v1.5 color configuration of teTeX/TeXLive
)
Package color Info: Driver file: dvips.def on input line 130.
(/usr/share/texmf/tex/latex/graphics/dvipsnam.def
File: dvipsnam.def 1999/02/16 v3.0i Driver-dependant file (DPC,SPQR)
)) (/usr/share/texmf/tex/latex/base/inputenc.sty
Package: inputenc 2008/03/30 v1.1d Input encoding file
\inpenc@prehook=\toks18
\inpenc@posthook=\toks19
(/usr/share/texmf/tex/latex/base/latin1.def
File: latin1.def 2008/03/30 v1.1d Input encoding file
))
\sizebox=\box27
\lthtmlwrite=\write4
(./images.aux)
\openout1 = `images.aux'.

LaTeX Font Info:    Checking defaults for OML/cmm/m/it on input line 114.
LaTeX Font Info:    ... okay on input line 114.
LaTeX Font Info:    Checking defaults for T1/cmr/m/n on input line 114.
LaTeX Font Info:    ... okay on input line 114.
LaTeX Font Info:    Checking defaults for OT1/cmr/m/n on input line 114.
LaTeX Font Info:    ... okay on input line 114.
LaTeX Font Info:    Checking defaults for OMS/cmsy/m/n on input line 114.
LaTeX Font Info:    ... okay on input line 114.
LaTeX Font Info:    Checking defaults for OMX/cmex/m/n on input line 114.
LaTeX Font Info:    ... okay on input line 114.
LaTeX Font Info:    Checking defaults for U/cmr/m/n on input line 114.
LaTeX Font Info:    ... okay on input line 114.
LaTeX Font Info:    Checking defaults for PD1/pdf/m/n on input line 114.
LaTeX Font Info:    ... okay on input line 114.
\AtBeginShipoutBox=\box28
Package hyperref Info: Link coloring OFF on input line 114.
(/usr/share/texmf/tex/latex/hyperref/nameref.sty
Package: nameref 2012/10/27 v2.43 Cross-referencing by name of section
(/usr/share/texmf/tex/generic/oberdiek/gettitlestring.sty
Package: gettitlestring 2010/12/03 v1.4 Cleanup title references (HO)
)
\c@section@level=\count107
)
LaTeX Info: Redefining \ref on input line 114.
LaTeX Info: Redefining \pageref on input line 114.
LaTeX Info: Redefining \nameref on input line 114.
\@outlinefile=\write5
\openout5 = `images.out'.


latex2htmlLength hsize=349.0pt

latex2htmlLength vsize=633.0pt

latex2htmlLength hoffset=0.0pt

latex2htmlLength voffset=0.0pt

latex2htmlLength topmargin=0.0pt

latex2htmlLength topskip=0.00003pt

latex2htmlLength headheight=0.0pt

latex2htmlLength headsep=0.0pt

latex2htmlLength parskip=0.0pt plus 1.0pt

latex2htmlLength oddsidemargin=62.0pt

latex2htmlLength evensidemargin=62.0pt

File: jetengine.eps Graphic file (type eps)
<jetengine.eps>
l2hSize :figure9:292.65291pt::0.0pt::349.0pt.
[1



]
File: mainwindow.eps Graphic file (type eps)
<mainwindow.eps>
l2hSize :figure230:261.80098pt::0.0pt::349.0pt.
[2


]
File: mainmenu.eps Graphic file (type eps)
<mainmenu.eps>
l2hSize :figure239:300.41548pt::0.0pt::349.0pt.
[3


]
File: corrad.eps Graphic file (type eps)
<corrad.eps>
l2hSize :figure475:219.48453pt::0.0pt::349.0pt.
[4


]
File: qcut.eps Graphic file (type eps)
<qcut.eps>
l2hSize :figure922:281.62556pt::0.0pt::349.0pt.
[5


]
File: coords.eps Graphic file (type eps)
<coords.eps>
l2hSize :figure951:256.0812pt::0.0pt::349.0pt.
[6


]
File: qfil.eps Graphic file (type eps)
<qfil.eps>
l2hSize :figure961:292.65291pt::0.0pt::349.0pt.
[7


]
File: qtxt.eps Graphic file (type eps)
<qtxt.eps>
l2hSize :figure1088:292.65291pt::0.0pt::349.0pt.
[8


]
File: seta.eps Graphic file (type eps)
<seta.eps>
l2hSize :figure1190:292.65291pt::0.0pt::349.0pt.
[9


]
File: shpe.eps Graphic file (type eps)
<shpe.eps>
l2hSize :figure1224:273.3982pt::0.0pt::349.0pt.
[10


]
File: be2.eps Graphic file (type eps)
<be2.eps>
l2hSize :picture1381:90.0pt::0.0pt::349.0pt.
[11


]
File: be3.eps Graphic file (type eps)
<be3.eps>
File: tr3.eps Graphic file (type eps)
<tr3.eps>
l2hSize :picture1385:180.0pt::0.0pt::349.0pt.
[12


]
File: tr6.eps Graphic file (type eps)
<tr6.eps>
File: qu4.eps Graphic file (type eps)
<qu4.eps>
l2hSize :picture1391:180.0pt::0.0pt::349.0pt.
[13


]
File: qu8.eps Graphic file (type eps)
<qu8.eps>
File: te4.eps Graphic file (type eps)
<te4.eps>
l2hSize :picture1397:180.0pt::0.0pt::349.0pt.
[14


]
File: te10.eps Graphic file (type eps)
<te10.eps>
File: he8.eps Graphic file (type eps)
<he8.eps>
l2hSize :picture1403:180.0pt::0.0pt::349.0pt.
[15


]
File: he20.eps Graphic file (type eps)
<he20.eps>
File: pe6.eps Graphic file (type eps)
<pe6.eps>
l2hSize :picture1409:180.0pt::0.0pt::349.0pt.
[16


]
File: pe15.eps Graphic file (type eps)
<pe15.eps>
l2hSize :picture1415:180.0pt::0.0pt::349.0pt.
[17


]
LaTeX Font Info:    External font `cmex10' loaded for size
(Font)              <7> on input line 521.
LaTeX Font Info:    External font `cmex10' loaded for size
(Font)              <5> on input line 521.
l2hSize :displaymath2169:23.50941pt::0.0pt::349.0pt.
[18


]
l2hSize :displaymath2170:23.50941pt::0.0pt::349.0pt.
[19


]
l2hSize :tex2html_wrap_inline2181:6.45831pt::0.0pt::6.57294pt.
[20


]
l2hSize :tex2html_wrap_inline2185:6.95831pt::6.95831pt::10.70029pt.
[21


]
l2hSize :tex2html_wrap_inline2187:6.95831pt::6.95831pt::10.70029pt.
[22


]
l2hSize :tex2html_wrap_inline2189:6.95831pt::6.95831pt::10.70029pt.
[23


]
l2hSize :displaymath2171:37.00034pt::0.0pt::349.0pt.
[24


]
l2hSize :tex2html_wrap_inline2191:6.95831pt::6.95831pt::15.55563pt.
[25


]
l2hSize :tex2html_wrap_inline2193:6.95831pt::6.95831pt::15.55563pt.
[26


]
l2hSize :displaymath2172:15.83327pt::0.0pt::349.0pt.
[27


]
l2hSize :displaymath2173:15.83327pt::0.0pt::349.0pt.
[28


]
l2hSize :displaymath2174:14.5pt::0.0pt::349.0pt.
[29


]
File: graph.eps Graphic file (type eps)
<graph.eps>
l2hSize :figure1641:367.0288pt::0.0pt::349.0pt.
[30


]
File: equation.eps Graphic file (type eps)
<equation.eps>
l2hSize :figure1656:256.0812pt::0.0pt::349.0pt.
[31


]
File: halter.eps Graphic file (type eps)
<halter.eps>
l2hSize :figure1708:222.37834pt::0.0pt::349.0pt.
[32


]
File: disc.eps Graphic file (type eps)
<disc.eps>
l2hSize :figure1820:296.44884pt::0.0pt::349.0pt.
[33


]
File: cylinder.eps Graphic file (type eps)
<cylinder.eps>
l2hSize :figure1827:296.33403pt::0.0pt::349.0pt.
[34


]
File: sphere.eps Graphic file (type eps)
<sphere.eps>
l2hSize :figure1834:296.50446pt::0.0pt::349.0pt.
[35


]
File: sphere_vol.eps Graphic file (type eps)
<sphere_vol.eps>
l2hSize :figure1841:296.44884pt::0.0pt::349.0pt.
[36


]
File: naca23012.eps Graphic file (type eps)
<naca23012.eps>
l2hSize :figure1848:296.33403pt::0.0pt::349.0pt.
[37


]
File: ifwhile.eps Graphic file (type eps)
<ifwhile.eps>
l2hSize :figure1855:292.65291pt::0.0pt::349.0pt.
[38


]
Package atveryend Info: Empty hook `BeforeClearDocument' on input line 728.
Package atveryend Info: Empty hook `AfterLastShipout' on input line 728.
(./images.aux)
Package atveryend Info: Empty hook `AtVeryEndDocument' on input line 728.
Package atveryend Info: Executing hook `AtEndAfterFileList' on input line 728.

Package rerunfilecheck Warning: File `images.out' has changed.
(rerunfilecheck)                Rerun to get outlines right
(rerunfilecheck)                or use package `bookmark'.

Package rerunfilecheck Info: Checksums for `images.out':
(rerunfilecheck)             Before: <no file>
(rerunfilecheck)             After:  D41D8CD98F00B204E9800998ECF8427E;0.
Package atveryend Info: Empty hook `AtVeryVeryEnd' on input line 728.
 ) 
Here is how much of TeX's memory you used:
 5472 strings out of 493316
 79097 string characters out of 6145919
 171305 words of memory out of 5000000
 8893 multiletter control sequences out of 15000+600000
 3640 words of font info for 14 fonts, out of 8000000 for 9000
 957 hyphenation exceptions out of 8191
 36i,8n,23p,299b,357s stack positions out of 5000i,500n,10000p,200000b,80000s

Output written on images.dvi (38 pages, 28688 bytes).
